GAS LISTING /var/folders/v8/5w7qrjpd37x60gtz_mwnrxpr0000gn/T//cczVzXjX.s 			page 1


   1              		.file	"close.c"
   2              		.option nopic
   3              		.attribute arch, "rv32i2p0_m2p0_a2p0_c2p0"
   4              		.attribute unaligned_access, 0
   5              		.attribute stack_align, 16
   6              		.text
   7              	.Ltext0:
   8              		.cfi_sections	.debug_frame
   9              		.section	.text._close,"ax",@progbits
  10              		.align	1
  11              		.globl	_close
  13              	_close:
  14              	.LFB1:
  15              		.file 1 "../../firmware/RISCV/stubs/close.c"
   1:../../firmware/RISCV/stubs/close.c **** /* See LICENSE of license details. */
   2:../../firmware/RISCV/stubs/close.c **** 
   3:../../firmware/RISCV/stubs/close.c **** #include <errno.h>
   4:../../firmware/RISCV/stubs/close.c **** #include "stub.h"
   5:../../firmware/RISCV/stubs/close.c **** 
   6:../../firmware/RISCV/stubs/close.c **** int _close(int fd)
   7:../../firmware/RISCV/stubs/close.c **** {
  16              		.loc 1 7 1
  17              		.cfi_startproc
  18              	.LVL0:
   8:../../firmware/RISCV/stubs/close.c ****   return _stub(EBADF);
  19              		.loc 1 8 3
  20              		.file 2 "../../firmware/RISCV/stubs/stub.h"
   1:../../firmware/RISCV/stubs/stub.h **** /* See LICENSE of license details. */
   2:../../firmware/RISCV/stubs/stub.h **** #ifndef _NUCLEI_SYS_STUB_H
   3:../../firmware/RISCV/stubs/stub.h **** #define _NUCLEI_SYS_STUB_H
   4:../../firmware/RISCV/stubs/stub.h **** 
   5:../../firmware/RISCV/stubs/stub.h **** #include <stdint.h>
   6:../../firmware/RISCV/stubs/stub.h **** #if   defined (__GNUC__)
   7:../../firmware/RISCV/stubs/stub.h **** #include <unistd.h>
   8:../../firmware/RISCV/stubs/stub.h **** #endif
   9:../../firmware/RISCV/stubs/stub.h **** 
  10:../../firmware/RISCV/stubs/stub.h **** void write_hex(int fd, unsigned long int hex);
  11:../../firmware/RISCV/stubs/stub.h **** 
  12:../../firmware/RISCV/stubs/stub.h **** static inline int _stub(int err)
  13:../../firmware/RISCV/stubs/stub.h **** {
  14:../../firmware/RISCV/stubs/stub.h ****   return -1;
  21              		.loc 2 14 3
   9:../../firmware/RISCV/stubs/close.c **** }
  22              		.loc 1 9 1 is_stmt 0
  23 0000 7D55     		li	a0,-1
  24              	.LVL1:
  25 0002 8280     		ret
  26              		.cfi_endproc
  27              	.LFE1:
  29              		.text
  30              	.Letext0:
  31              		.file 3 "/Users/gulda/Desktop/toolchain-gd32v-osx/compiler/lib/gcc/riscv64-unknown-elf/8.3.0/inclu
  32              		.file 4 "/Users/gulda/Desktop/toolchain-gd32v-osx/compiler/riscv64-unknown-elf/include/sys/_types.
  33              		.file 5 "/Users/gulda/Desktop/toolchain-gd32v-osx/compiler/riscv64-unknown-elf/include/sys/reent.h
  34              		.file 6 "/Users/gulda/Desktop/toolchain-gd32v-osx/compiler/riscv64-unknown-elf/include/sys/lock.h"
  35              		.file 7 "/Users/gulda/Desktop/toolchain-gd32v-osx/compiler/riscv64-unknown-elf/include/sys/errno.h
  36              		.file 8 "/Users/gulda/Desktop/toolchain-gd32v-osx/compiler/riscv64-unknown-elf/include/sys/unistd.
GAS LISTING /var/folders/v8/5w7qrjpd37x60gtz_mwnrxpr0000gn/T//cczVzXjX.s 			page 2


GAS LISTING /var/folders/v8/5w7qrjpd37x60gtz_mwnrxpr0000gn/T//cczVzXjX.s 			page 3


DEFINED SYMBOLS
                            *ABS*:0000000000000000 close.c
/var/folders/v8/5w7qrjpd37x60gtz_mwnrxpr0000gn/T//cczVzXjX.s:13     .text._close:0000000000000000 _close
/var/folders/v8/5w7qrjpd37x60gtz_mwnrxpr0000gn/T//cczVzXjX.s:17     .text._close:0000000000000000 .L0 
/var/folders/v8/5w7qrjpd37x60gtz_mwnrxpr0000gn/T//cczVzXjX.s:19     .text._close:0000000000000000 .L0 
/var/folders/v8/5w7qrjpd37x60gtz_mwnrxpr0000gn/T//cczVzXjX.s:21     .text._close:0000000000000000 .L0 
/var/folders/v8/5w7qrjpd37x60gtz_mwnrxpr0000gn/T//cczVzXjX.s:22     .text._close:0000000000000000 .L0 
/var/folders/v8/5w7qrjpd37x60gtz_mwnrxpr0000gn/T//cczVzXjX.s:23     .text._close:0000000000000000 .L0 
/var/folders/v8/5w7qrjpd37x60gtz_mwnrxpr0000gn/T//cczVzXjX.s:26     .text._close:0000000000000004 .L0 
/var/folders/v8/5w7qrjpd37x60gtz_mwnrxpr0000gn/T//cczVzXjX.s:29     .text._close:0000000000000004 .L0 
                     .debug_frame:0000000000000000 .L0 
/var/folders/v8/5w7qrjpd37x60gtz_mwnrxpr0000gn/T//cczVzXjX.s:1540   .debug_abbrev:0000000000000000 .Ldebug_abbrev0
/var/folders/v8/5w7qrjpd37x60gtz_mwnrxpr0000gn/T//cczVzXjX.s:2208   .debug_str:00000000000002b6 .LASF128
/var/folders/v8/5w7qrjpd37x60gtz_mwnrxpr0000gn/T//cczVzXjX.s:2288   .debug_str:00000000000004b5 .LASF129
/var/folders/v8/5w7qrjpd37x60gtz_mwnrxpr0000gn/T//cczVzXjX.s:2258   .debug_str:000000000000040d .LASF130
/var/folders/v8/5w7qrjpd37x60gtz_mwnrxpr0000gn/T//cczVzXjX.s:2060   .debug_ranges:0000000000000000 .Ldebug_ranges0
/var/folders/v8/5w7qrjpd37x60gtz_mwnrxpr0000gn/T//cczVzXjX.s:2066   .debug_line:0000000000000000 .Ldebug_line0
/var/folders/v8/5w7qrjpd37x60gtz_mwnrxpr0000gn/T//cczVzXjX.s:2156   .debug_str:00000000000001b6 .LASF0
/var/folders/v8/5w7qrjpd37x60gtz_mwnrxpr0000gn/T//cczVzXjX.s:2096   .debug_str:00000000000000a2 .LASF1
/var/folders/v8/5w7qrjpd37x60gtz_mwnrxpr0000gn/T//cczVzXjX.s:2200   .debug_str:0000000000000283 .LASF2
/var/folders/v8/5w7qrjpd37x60gtz_mwnrxpr0000gn/T//cczVzXjX.s:2184   .debug_str:0000000000000244 .LASF10
/var/folders/v8/5w7qrjpd37x60gtz_mwnrxpr0000gn/T//cczVzXjX.s:2098   .debug_str:00000000000000b0 .LASF3
/var/folders/v8/5w7qrjpd37x60gtz_mwnrxpr0000gn/T//cczVzXjX.s:2222   .debug_str:000000000000036f .LASF4
/var/folders/v8/5w7qrjpd37x60gtz_mwnrxpr0000gn/T//cczVzXjX.s:2228   .debug_str:000000000000038b .LASF5
/var/folders/v8/5w7qrjpd37x60gtz_mwnrxpr0000gn/T//cczVzXjX.s:2170   .debug_str:00000000000001f9 .LASF6
/var/folders/v8/5w7qrjpd37x60gtz_mwnrxpr0000gn/T//cczVzXjX.s:2114   .debug_str:00000000000000f5 .LASF7
/var/folders/v8/5w7qrjpd37x60gtz_mwnrxpr0000gn/T//cczVzXjX.s:2164   .debug_str:00000000000001da .LASF8
/var/folders/v8/5w7qrjpd37x60gtz_mwnrxpr0000gn/T//cczVzXjX.s:2082   .debug_str:000000000000004b .LASF9
/var/folders/v8/5w7qrjpd37x60gtz_mwnrxpr0000gn/T//cczVzXjX.s:2216   .debug_str:000000000000034c .LASF11
/var/folders/v8/5w7qrjpd37x60gtz_mwnrxpr0000gn/T//cczVzXjX.s:2274   .debug_str:0000000000000485 .LASF12
/var/folders/v8/5w7qrjpd37x60gtz_mwnrxpr0000gn/T//cczVzXjX.s:2308   .debug_str:0000000000000530 .LASF13
/var/folders/v8/5w7qrjpd37x60gtz_mwnrxpr0000gn/T//cczVzXjX.s:2180   .debug_str:0000000000000236 .LASF14
/var/folders/v8/5w7qrjpd37x60gtz_mwnrxpr0000gn/T//cczVzXjX.s:2158   .debug_str:00000000000001c3 .LASF15
/var/folders/v8/5w7qrjpd37x60gtz_mwnrxpr0000gn/T//cczVzXjX.s:2266   .debug_str:0000000000000463 .LASF16
/var/folders/v8/5w7qrjpd37x60gtz_mwnrxpr0000gn/T//cczVzXjX.s:2268   .debug_str:000000000000046b .LASF17
/var/folders/v8/5w7qrjpd37x60gtz_mwnrxpr0000gn/T//cczVzXjX.s:2238   .debug_str:00000000000003b3 .LASF18
/var/folders/v8/5w7qrjpd37x60gtz_mwnrxpr0000gn/T//cczVzXjX.s:2294   .debug_str:00000000000004e6 .LASF19
/var/folders/v8/5w7qrjpd37x60gtz_mwnrxpr0000gn/T//cczVzXjX.s:2220   .debug_str:000000000000035d .LASF20
/var/folders/v8/5w7qrjpd37x60gtz_mwnrxpr0000gn/T//cczVzXjX.s:2142   .debug_str:0000000000000179 .LASF21
/var/folders/v8/5w7qrjpd37x60gtz_mwnrxpr0000gn/T//cczVzXjX.s:2146   .debug_str:000000000000018a .LASF26
/var/folders/v8/5w7qrjpd37x60gtz_mwnrxpr0000gn/T//cczVzXjX.s:2286   .debug_str:00000000000004af .LASF22
/var/folders/v8/5w7qrjpd37x60gtz_mwnrxpr0000gn/T//cczVzXjX.s:2260   .debug_str:000000000000044e .LASF23
/var/folders/v8/5w7qrjpd37x60gtz_mwnrxpr0000gn/T//cczVzXjX.s:2140   .debug_str:0000000000000173 .LASF24
/var/folders/v8/5w7qrjpd37x60gtz_mwnrxpr0000gn/T//cczVzXjX.s:2302   .debug_str:000000000000051b .LASF25
/var/folders/v8/5w7qrjpd37x60gtz_mwnrxpr0000gn/T//cczVzXjX.s:2154   .debug_str:00000000000001b1 .LASF27
/var/folders/v8/5w7qrjpd37x60gtz_mwnrxpr0000gn/T//cczVzXjX.s:2094   .debug_str:0000000000000099 .LASF28
/var/folders/v8/5w7qrjpd37x60gtz_mwnrxpr0000gn/T//cczVzXjX.s:2280   .debug_str:0000000000000499 .LASF29
/var/folders/v8/5w7qrjpd37x60gtz_mwnrxpr0000gn/T//cczVzXjX.s:2104   .debug_str:00000000000000c8 .LASF30
/var/folders/v8/5w7qrjpd37x60gtz_mwnrxpr0000gn/T//cczVzXjX.s:2332   .debug_str:000000000000059b .LASF31
/var/folders/v8/5w7qrjpd37x60gtz_mwnrxpr0000gn/T//cczVzXjX.s:2210   .debug_str:0000000000000330 .LASF32
/var/folders/v8/5w7qrjpd37x60gtz_mwnrxpr0000gn/T//cczVzXjX.s:2194   .debug_str:0000000000000269 .LASF33
/var/folders/v8/5w7qrjpd37x60gtz_mwnrxpr0000gn/T//cczVzXjX.s:2304   .debug_str:0000000000000520 .LASF34
/var/folders/v8/5w7qrjpd37x60gtz_mwnrxpr0000gn/T//cczVzXjX.s:2230   .debug_str:0000000000000395 .LASF35
/var/folders/v8/5w7qrjpd37x60gtz_mwnrxpr0000gn/T//cczVzXjX.s:2318   .debug_str:000000000000055b .LASF36
/var/folders/v8/5w7qrjpd37x60gtz_mwnrxpr0000gn/T//cczVzXjX.s:2108   .debug_str:00000000000000d7 .LASF37
/var/folders/v8/5w7qrjpd37x60gtz_mwnrxpr0000gn/T//cczVzXjX.s:2136   .debug_str:0000000000000166 .LASF38
/var/folders/v8/5w7qrjpd37x60gtz_mwnrxpr0000gn/T//cczVzXjX.s:2068   .debug_str:0000000000000000 .LASF39
GAS LISTING /var/folders/v8/5w7qrjpd37x60gtz_mwnrxpr0000gn/T//cczVzXjX.s 			page 4


/var/folders/v8/5w7qrjpd37x60gtz_mwnrxpr0000gn/T//cczVzXjX.s:2290   .debug_str:00000000000004d8 .LASF40
/var/folders/v8/5w7qrjpd37x60gtz_mwnrxpr0000gn/T//cczVzXjX.s:2118   .debug_str:0000000000000105 .LASF41
/var/folders/v8/5w7qrjpd37x60gtz_mwnrxpr0000gn/T//cczVzXjX.s:2212   .debug_str:0000000000000339 .LASF42
/var/folders/v8/5w7qrjpd37x60gtz_mwnrxpr0000gn/T//cczVzXjX.s:2252   .debug_str:00000000000003f6 .LASF43
/var/folders/v8/5w7qrjpd37x60gtz_mwnrxpr0000gn/T//cczVzXjX.s:2138   .debug_str:000000000000016e .LASF44
/var/folders/v8/5w7qrjpd37x60gtz_mwnrxpr0000gn/T//cczVzXjX.s:2232   .debug_str:000000000000039f .LASF45
/var/folders/v8/5w7qrjpd37x60gtz_mwnrxpr0000gn/T//cczVzXjX.s:2102   .debug_str:00000000000000c2 .LASF46
/var/folders/v8/5w7qrjpd37x60gtz_mwnrxpr0000gn/T//cczVzXjX.s:2070   .debug_str:000000000000000c .LASF47
/var/folders/v8/5w7qrjpd37x60gtz_mwnrxpr0000gn/T//cczVzXjX.s:2240   .debug_str:00000000000003be .LASF48
/var/folders/v8/5w7qrjpd37x60gtz_mwnrxpr0000gn/T//cczVzXjX.s:2116   .debug_str:00000000000000fe .LASF49
/var/folders/v8/5w7qrjpd37x60gtz_mwnrxpr0000gn/T//cczVzXjX.s:2166   .debug_str:00000000000001ec .LASF50
/var/folders/v8/5w7qrjpd37x60gtz_mwnrxpr0000gn/T//cczVzXjX.s:2084   .debug_str:0000000000000062 .LASF51
/var/folders/v8/5w7qrjpd37x60gtz_mwnrxpr0000gn/T//cczVzXjX.s:2110   .debug_str:00000000000000e5 .LASF52
/var/folders/v8/5w7qrjpd37x60gtz_mwnrxpr0000gn/T//cczVzXjX.s:2150   .debug_str:00000000000001a1 .LASF53
/var/folders/v8/5w7qrjpd37x60gtz_mwnrxpr0000gn/T//cczVzXjX.s:2192   .debug_str:0000000000000262 .LASF54
/var/folders/v8/5w7qrjpd37x60gtz_mwnrxpr0000gn/T//cczVzXjX.s:2270   .debug_str:0000000000000473 .LASF55
/var/folders/v8/5w7qrjpd37x60gtz_mwnrxpr0000gn/T//cczVzXjX.s:2322   .debug_str:0000000000000575 .LASF56
/var/folders/v8/5w7qrjpd37x60gtz_mwnrxpr0000gn/T//cczVzXjX.s:2100   .debug_str:00000000000000bc .LASF57
/var/folders/v8/5w7qrjpd37x60gtz_mwnrxpr0000gn/T//cczVzXjX.s:2314   .debug_str:000000000000054d .LASF58
/var/folders/v8/5w7qrjpd37x60gtz_mwnrxpr0000gn/T//cczVzXjX.s:2122   .debug_str:0000000000000114 .LASF59
/var/folders/v8/5w7qrjpd37x60gtz_mwnrxpr0000gn/T//cczVzXjX.s:2128   .debug_str:0000000000000132 .LASF60
/var/folders/v8/5w7qrjpd37x60gtz_mwnrxpr0000gn/T//cczVzXjX.s:2076   .debug_str:0000000000000025 .LASF61
/var/folders/v8/5w7qrjpd37x60gtz_mwnrxpr0000gn/T//cczVzXjX.s:2186   .debug_str:000000000000024b .LASF62
/var/folders/v8/5w7qrjpd37x60gtz_mwnrxpr0000gn/T//cczVzXjX.s:2244   .debug_str:00000000000003d0 .LASF63
/var/folders/v8/5w7qrjpd37x60gtz_mwnrxpr0000gn/T//cczVzXjX.s:2188   .debug_str:0000000000000251 .LASF64
/var/folders/v8/5w7qrjpd37x60gtz_mwnrxpr0000gn/T//cczVzXjX.s:2262   .debug_str:0000000000000456 .LASF65
/var/folders/v8/5w7qrjpd37x60gtz_mwnrxpr0000gn/T//cczVzXjX.s:2276   .debug_str:000000000000048d .LASF66
/var/folders/v8/5w7qrjpd37x60gtz_mwnrxpr0000gn/T//cczVzXjX.s:2120   .debug_str:000000000000010d .LASF67
/var/folders/v8/5w7qrjpd37x60gtz_mwnrxpr0000gn/T//cczVzXjX.s:2160   .debug_str:00000000000001ca .LASF68
/var/folders/v8/5w7qrjpd37x60gtz_mwnrxpr0000gn/T//cczVzXjX.s:2144   .debug_str:0000000000000182 .LASF69
/var/folders/v8/5w7qrjpd37x60gtz_mwnrxpr0000gn/T//cczVzXjX.s:2250   .debug_str:00000000000003f1 .LASF70
/var/folders/v8/5w7qrjpd37x60gtz_mwnrxpr0000gn/T//cczVzXjX.s:2074   .debug_str:000000000000001a .LASF71
/var/folders/v8/5w7qrjpd37x60gtz_mwnrxpr0000gn/T//cczVzXjX.s:2202   .debug_str:000000000000028f .LASF72
/var/folders/v8/5w7qrjpd37x60gtz_mwnrxpr0000gn/T//cczVzXjX.s:2254   .debug_str:00000000000003fb .LASF73
/var/folders/v8/5w7qrjpd37x60gtz_mwnrxpr0000gn/T//cczVzXjX.s:2214   .debug_str:0000000000000341 .LASF74
/var/folders/v8/5w7qrjpd37x60gtz_mwnrxpr0000gn/T//cczVzXjX.s:2256   .debug_str:0000000000000403 .LASF75
/var/folders/v8/5w7qrjpd37x60gtz_mwnrxpr0000gn/T//cczVzXjX.s:2178   .debug_str:000000000000022e .LASF76
/var/folders/v8/5w7qrjpd37x60gtz_mwnrxpr0000gn/T//cczVzXjX.s:2152   .debug_str:00000000000001a7 .LASF77
/var/folders/v8/5w7qrjpd37x60gtz_mwnrxpr0000gn/T//cczVzXjX.s:2330   .debug_str:0000000000000596 .LASF78
/var/folders/v8/5w7qrjpd37x60gtz_mwnrxpr0000gn/T//cczVzXjX.s:2218   .debug_str:0000000000000353 .LASF79
/var/folders/v8/5w7qrjpd37x60gtz_mwnrxpr0000gn/T//cczVzXjX.s:2162   .debug_str:00000000000001d2 .LASF80
/var/folders/v8/5w7qrjpd37x60gtz_mwnrxpr0000gn/T//cczVzXjX.s:2126   .debug_str:000000000000012a .LASF81
/var/folders/v8/5w7qrjpd37x60gtz_mwnrxpr0000gn/T//cczVzXjX.s:2224   .debug_str:000000000000037d .LASF82
/var/folders/v8/5w7qrjpd37x60gtz_mwnrxpr0000gn/T//cczVzXjX.s:2172   .debug_str:000000000000020c .LASF83
/var/folders/v8/5w7qrjpd37x60gtz_mwnrxpr0000gn/T//cczVzXjX.s:2312   .debug_str:0000000000000543 .LASF84
/var/folders/v8/5w7qrjpd37x60gtz_mwnrxpr0000gn/T//cczVzXjX.s:2112   .debug_str:00000000000000ed .LASF85
/var/folders/v8/5w7qrjpd37x60gtz_mwnrxpr0000gn/T//cczVzXjX.s:2106   .debug_str:00000000000000d2 .LASF86
/var/folders/v8/5w7qrjpd37x60gtz_mwnrxpr0000gn/T//cczVzXjX.s:2278   .debug_str:0000000000000494 .LASF87
/var/folders/v8/5w7qrjpd37x60gtz_mwnrxpr0000gn/T//cczVzXjX.s:2236   .debug_str:00000000000003ac .LASF88
/var/folders/v8/5w7qrjpd37x60gtz_mwnrxpr0000gn/T//cczVzXjX.s:2306   .debug_str:000000000000052a .LASF89
/var/folders/v8/5w7qrjpd37x60gtz_mwnrxpr0000gn/T//cczVzXjX.s:2168   .debug_str:00000000000001f2 .LASF90
/var/folders/v8/5w7qrjpd37x60gtz_mwnrxpr0000gn/T//cczVzXjX.s:2234   .debug_str:00000000000003a6 .LASF91
/var/folders/v8/5w7qrjpd37x60gtz_mwnrxpr0000gn/T//cczVzXjX.s:2072   .debug_str:0000000000000012 .LASF92
/var/folders/v8/5w7qrjpd37x60gtz_mwnrxpr0000gn/T//cczVzXjX.s:2264   .debug_str:000000000000045d .LASF93
/var/folders/v8/5w7qrjpd37x60gtz_mwnrxpr0000gn/T//cczVzXjX.s:2284   .debug_str:00000000000004a9 .LASF94
/var/folders/v8/5w7qrjpd37x60gtz_mwnrxpr0000gn/T//cczVzXjX.s:2292   .debug_str:00000000000004e1 .LASF95
/var/folders/v8/5w7qrjpd37x60gtz_mwnrxpr0000gn/T//cczVzXjX.s:2300   .debug_str:000000000000050e .LASF96
GAS LISTING /var/folders/v8/5w7qrjpd37x60gtz_mwnrxpr0000gn/T//cczVzXjX.s 			page 5


/var/folders/v8/5w7qrjpd37x60gtz_mwnrxpr0000gn/T//cczVzXjX.s:2132   .debug_str:000000000000014b .LASF97
/var/folders/v8/5w7qrjpd37x60gtz_mwnrxpr0000gn/T//cczVzXjX.s:2176   .debug_str:0000000000000221 .LASF98
/var/folders/v8/5w7qrjpd37x60gtz_mwnrxpr0000gn/T//cczVzXjX.s:2320   .debug_str:0000000000000566 .LASF99
/var/folders/v8/5w7qrjpd37x60gtz_mwnrxpr0000gn/T//cczVzXjX.s:2148   .debug_str:0000000000000192 .LASF100
/var/folders/v8/5w7qrjpd37x60gtz_mwnrxpr0000gn/T//cczVzXjX.s:2246   .debug_str:00000000000003d9 .LASF101
/var/folders/v8/5w7qrjpd37x60gtz_mwnrxpr0000gn/T//cczVzXjX.s:2324   .debug_str:000000000000057c .LASF102
/var/folders/v8/5w7qrjpd37x60gtz_mwnrxpr0000gn/T//cczVzXjX.s:2248   .debug_str:00000000000003e4 .LASF103
/var/folders/v8/5w7qrjpd37x60gtz_mwnrxpr0000gn/T//cczVzXjX.s:2328   .debug_str:0000000000000588 .LASF104
/var/folders/v8/5w7qrjpd37x60gtz_mwnrxpr0000gn/T//cczVzXjX.s:2092   .debug_str:000000000000008b .LASF105
/var/folders/v8/5w7qrjpd37x60gtz_mwnrxpr0000gn/T//cczVzXjX.s:2310   .debug_str:0000000000000539 .LASF106
/var/folders/v8/5w7qrjpd37x60gtz_mwnrxpr0000gn/T//cczVzXjX.s:2174   .debug_str:0000000000000215 .LASF107
/var/folders/v8/5w7qrjpd37x60gtz_mwnrxpr0000gn/T//cczVzXjX.s:2296   .debug_str:00000000000004ee .LASF108
/var/folders/v8/5w7qrjpd37x60gtz_mwnrxpr0000gn/T//cczVzXjX.s:2134   .debug_str:0000000000000158 .LASF109
/var/folders/v8/5w7qrjpd37x60gtz_mwnrxpr0000gn/T//cczVzXjX.s:2090   .debug_str:000000000000007c .LASF110
/var/folders/v8/5w7qrjpd37x60gtz_mwnrxpr0000gn/T//cczVzXjX.s:2130   .debug_str:000000000000013a .LASF111
/var/folders/v8/5w7qrjpd37x60gtz_mwnrxpr0000gn/T//cczVzXjX.s:2078   .debug_str:000000000000002b .LASF112
/var/folders/v8/5w7qrjpd37x60gtz_mwnrxpr0000gn/T//cczVzXjX.s:2080   .debug_str:000000000000003a .LASF113
/var/folders/v8/5w7qrjpd37x60gtz_mwnrxpr0000gn/T//cczVzXjX.s:2226   .debug_str:0000000000000382 .LASF114
/var/folders/v8/5w7qrjpd37x60gtz_mwnrxpr0000gn/T//cczVzXjX.s:2206   .debug_str:00000000000002af .LASF115
/var/folders/v8/5w7qrjpd37x60gtz_mwnrxpr0000gn/T//cczVzXjX.s:2196   .debug_str:0000000000000273 .LASF116
/var/folders/v8/5w7qrjpd37x60gtz_mwnrxpr0000gn/T//cczVzXjX.s:2316   .debug_str:0000000000000553 .LASF117
/var/folders/v8/5w7qrjpd37x60gtz_mwnrxpr0000gn/T//cczVzXjX.s:2086   .debug_str:000000000000006b .LASF131
/var/folders/v8/5w7qrjpd37x60gtz_mwnrxpr0000gn/T//cczVzXjX.s:2272   .debug_str:0000000000000479 .LASF118
/var/folders/v8/5w7qrjpd37x60gtz_mwnrxpr0000gn/T//cczVzXjX.s:2298   .debug_str:00000000000004fb .LASF119
/var/folders/v8/5w7qrjpd37x60gtz_mwnrxpr0000gn/T//cczVzXjX.s:2124   .debug_str:000000000000011d .LASF120
/var/folders/v8/5w7qrjpd37x60gtz_mwnrxpr0000gn/T//cczVzXjX.s:2242   .debug_str:00000000000003c6 .LASF121
/var/folders/v8/5w7qrjpd37x60gtz_mwnrxpr0000gn/T//cczVzXjX.s:2182   .debug_str:000000000000023c .LASF122
/var/folders/v8/5w7qrjpd37x60gtz_mwnrxpr0000gn/T//cczVzXjX.s:2198   .debug_str:000000000000027c .LASF123
/var/folders/v8/5w7qrjpd37x60gtz_mwnrxpr0000gn/T//cczVzXjX.s:2204   .debug_str:00000000000002a8 .LASF124
/var/folders/v8/5w7qrjpd37x60gtz_mwnrxpr0000gn/T//cczVzXjX.s:2282   .debug_str:00000000000004a2 .LASF125
/var/folders/v8/5w7qrjpd37x60gtz_mwnrxpr0000gn/T//cczVzXjX.s:2326   .debug_str:0000000000000581 .LASF126
/var/folders/v8/5w7qrjpd37x60gtz_mwnrxpr0000gn/T//cczVzXjX.s:2190   .debug_str:0000000000000259 .LASF127
/var/folders/v8/5w7qrjpd37x60gtz_mwnrxpr0000gn/T//cczVzXjX.s:14     .text._close:0000000000000000 .LFB1
/var/folders/v8/5w7qrjpd37x60gtz_mwnrxpr0000gn/T//cczVzXjX.s:27     .text._close:0000000000000004 .LFE1
/var/folders/v8/5w7qrjpd37x60gtz_mwnrxpr0000gn/T//cczVzXjX.s:2033   .debug_loc:0000000000000000 .LLST0
/var/folders/v8/5w7qrjpd37x60gtz_mwnrxpr0000gn/T//cczVzXjX.s:2088   .debug_str:0000000000000076 .LASF132
/var/folders/v8/5w7qrjpd37x60gtz_mwnrxpr0000gn/T//cczVzXjX.s:18     .text._close:0000000000000000 .LVL0
/var/folders/v8/5w7qrjpd37x60gtz_mwnrxpr0000gn/T//cczVzXjX.s:24     .text._close:0000000000000002 .LVL1
/var/folders/v8/5w7qrjpd37x60gtz_mwnrxpr0000gn/T//cczVzXjX.s:38     .debug_info:0000000000000000 .Ldebug_info0

NO UNDEFINED SYMBOLS
