GAS LISTING /var/folders/v8/5w7qrjpd37x60gtz_mwnrxpr0000gn/T//ccKwgVqa.s 			page 1


   1              		.file	"fstat.c"
   2              		.option nopic
   3              		.attribute arch, "rv32i2p0_m2p0_a2p0_c2p0"
   4              		.attribute unaligned_access, 0
   5              		.attribute stack_align, 16
   6              		.text
   7              	.Ltext0:
   8              		.cfi_sections	.debug_frame
   9              		.section	.text._fstat,"ax",@progbits
  10              		.align	1
  11              		.globl	_fstat
  13              	_fstat:
  14              	.LFB1:
  15              		.file 1 "../../firmware/RISCV/stubs/fstat.c"
   1:../../firmware/RISCV/stubs/fstat.c **** /* See LICENSE of license details. */
   2:../../firmware/RISCV/stubs/fstat.c **** 
   3:../../firmware/RISCV/stubs/fstat.c **** #include <errno.h>
   4:../../firmware/RISCV/stubs/fstat.c **** #include <unistd.h>
   5:../../firmware/RISCV/stubs/fstat.c **** #include <sys/stat.h>
   6:../../firmware/RISCV/stubs/fstat.c **** #include "stub.h"
   7:../../firmware/RISCV/stubs/fstat.c **** 
   8:../../firmware/RISCV/stubs/fstat.c **** int _fstat(int fd, struct stat* st)
   9:../../firmware/RISCV/stubs/fstat.c **** {
  16              		.loc 1 9 1
  17              		.cfi_startproc
  18              	.LVL0:
  10:../../firmware/RISCV/stubs/fstat.c ****   if (isatty(fd)) {
  19              		.loc 1 10 3
   9:../../firmware/RISCV/stubs/fstat.c ****   if (isatty(fd)) {
  20              		.loc 1 9 1 is_stmt 0
  21 0000 4111     		addi	sp,sp,-16
  22              	.LCFI0:
  23              		.cfi_def_cfa_offset 16
  24 0002 22C4     		sw	s0,8(sp)
  25 0004 06C6     		sw	ra,12(sp)
  26              		.cfi_offset 8, -8
  27              		.cfi_offset 1, -4
   9:../../firmware/RISCV/stubs/fstat.c ****   if (isatty(fd)) {
  28              		.loc 1 9 1
  29 0006 2E84     		mv	s0,a1
  30              		.loc 1 10 7
  31 0008 97000000 		call	isatty
  31      E7800000 
  32              	.LVL1:
  33              		.loc 1 10 6
  34 0010 01C9     		beq	a0,zero,.L3
  11:../../firmware/RISCV/stubs/fstat.c ****     st->st_mode = S_IFCHR;
  35              		.loc 1 11 5 is_stmt 1
  36              		.loc 1 11 17 is_stmt 0
  37 0012 8967     		li	a5,8192
  38 0014 5CC0     		sw	a5,4(s0)
  12:../../firmware/RISCV/stubs/fstat.c ****     return 0;
  39              		.loc 1 12 5 is_stmt 1
  40              		.loc 1 12 12 is_stmt 0
  41 0016 0145     		li	a0,0
  42              	.L1:
  13:../../firmware/RISCV/stubs/fstat.c ****   }
GAS LISTING /var/folders/v8/5w7qrjpd37x60gtz_mwnrxpr0000gn/T//ccKwgVqa.s 			page 2


  14:../../firmware/RISCV/stubs/fstat.c **** 
  15:../../firmware/RISCV/stubs/fstat.c ****   return _stub(EBADF);
  16:../../firmware/RISCV/stubs/fstat.c **** }
  43              		.loc 1 16 1
  44 0018 B240     		lw	ra,12(sp)
  45              		.cfi_remember_state
  46              		.cfi_restore 1
  47 001a 2244     		lw	s0,8(sp)
  48              		.cfi_restore 8
  49              	.LVL2:
  50 001c 4101     		addi	sp,sp,16
  51              	.LCFI1:
  52              		.cfi_def_cfa_offset 0
  53 001e 8280     		jr	ra
  54              	.LVL3:
  55              	.L3:
  56              	.LCFI2:
  57              		.cfi_restore_state
  15:../../firmware/RISCV/stubs/fstat.c **** }
  58              		.loc 1 15 10
  59 0020 7D55     		li	a0,-1
  60 0022 DDBF     		j	.L1
  61              		.cfi_endproc
  62              	.LFE1:
  64              		.text
  65              	.Letext0:
  66              		.file 2 "/Users/gulda/Desktop/toolchain-gd32v-osx/compiler/lib/gcc/riscv64-unknown-elf/8.3.0/inclu
  67              		.file 3 "/Users/gulda/Desktop/toolchain-gd32v-osx/compiler/riscv64-unknown-elf/include/machine/_de
  68              		.file 4 "/Users/gulda/Desktop/toolchain-gd32v-osx/compiler/riscv64-unknown-elf/include/sys/_types.
  69              		.file 5 "/Users/gulda/Desktop/toolchain-gd32v-osx/compiler/riscv64-unknown-elf/include/sys/reent.h
  70              		.file 6 "/Users/gulda/Desktop/toolchain-gd32v-osx/compiler/riscv64-unknown-elf/include/sys/lock.h"
  71              		.file 7 "/Users/gulda/Desktop/toolchain-gd32v-osx/compiler/riscv64-unknown-elf/include/sys/errno.h
  72              		.file 8 "/Users/gulda/Desktop/toolchain-gd32v-osx/compiler/riscv64-unknown-elf/include/sys/_timeva
  73              		.file 9 "/Users/gulda/Desktop/toolchain-gd32v-osx/compiler/riscv64-unknown-elf/include/sys/types.h
  74              		.file 10 "/Users/gulda/Desktop/toolchain-gd32v-osx/compiler/riscv64-unknown-elf/include/sys/unistd
  75              		.file 11 "/Users/gulda/Desktop/toolchain-gd32v-osx/compiler/riscv64-unknown-elf/include/time.h"
  76              		.file 12 "/Users/gulda/Desktop/toolchain-gd32v-osx/compiler/riscv64-unknown-elf/include/sys/stat.h
  77              		.file 13 "../../firmware/RISCV/stubs/stub.h"
GAS LISTING /var/folders/v8/5w7qrjpd37x60gtz_mwnrxpr0000gn/T//ccKwgVqa.s 			page 3


DEFINED SYMBOLS
                            *ABS*:0000000000000000 fstat.c
/var/folders/v8/5w7qrjpd37x60gtz_mwnrxpr0000gn/T//ccKwgVqa.s:13     .text._fstat:0000000000000000 _fstat
/var/folders/v8/5w7qrjpd37x60gtz_mwnrxpr0000gn/T//ccKwgVqa.s:17     .text._fstat:0000000000000000 .L0 
/var/folders/v8/5w7qrjpd37x60gtz_mwnrxpr0000gn/T//ccKwgVqa.s:19     .text._fstat:0000000000000000 .L0 
/var/folders/v8/5w7qrjpd37x60gtz_mwnrxpr0000gn/T//ccKwgVqa.s:20     .text._fstat:0000000000000000 .L0 
/var/folders/v8/5w7qrjpd37x60gtz_mwnrxpr0000gn/T//ccKwgVqa.s:21     .text._fstat:0000000000000000 .L0 
/var/folders/v8/5w7qrjpd37x60gtz_mwnrxpr0000gn/T//ccKwgVqa.s:23     .text._fstat:0000000000000002 .L0 
/var/folders/v8/5w7qrjpd37x60gtz_mwnrxpr0000gn/T//ccKwgVqa.s:26     .text._fstat:0000000000000006 .L0 
/var/folders/v8/5w7qrjpd37x60gtz_mwnrxpr0000gn/T//ccKwgVqa.s:27     .text._fstat:0000000000000006 .L0 
/var/folders/v8/5w7qrjpd37x60gtz_mwnrxpr0000gn/T//ccKwgVqa.s:29     .text._fstat:0000000000000006 .L0 
/var/folders/v8/5w7qrjpd37x60gtz_mwnrxpr0000gn/T//ccKwgVqa.s:31     .text._fstat:0000000000000008 .L0 
/var/folders/v8/5w7qrjpd37x60gtz_mwnrxpr0000gn/T//ccKwgVqa.s:34     .text._fstat:0000000000000010 .L0 
/var/folders/v8/5w7qrjpd37x60gtz_mwnrxpr0000gn/T//ccKwgVqa.s:36     .text._fstat:0000000000000012 .L0 
/var/folders/v8/5w7qrjpd37x60gtz_mwnrxpr0000gn/T//ccKwgVqa.s:37     .text._fstat:0000000000000012 .L0 
/var/folders/v8/5w7qrjpd37x60gtz_mwnrxpr0000gn/T//ccKwgVqa.s:40     .text._fstat:0000000000000016 .L0 
/var/folders/v8/5w7qrjpd37x60gtz_mwnrxpr0000gn/T//ccKwgVqa.s:41     .text._fstat:0000000000000016 .L0 
/var/folders/v8/5w7qrjpd37x60gtz_mwnrxpr0000gn/T//ccKwgVqa.s:44     .text._fstat:0000000000000018 .L0 
/var/folders/v8/5w7qrjpd37x60gtz_mwnrxpr0000gn/T//ccKwgVqa.s:45     .text._fstat:000000000000001a .L0 
/var/folders/v8/5w7qrjpd37x60gtz_mwnrxpr0000gn/T//ccKwgVqa.s:46     .text._fstat:000000000000001a .L0 
/var/folders/v8/5w7qrjpd37x60gtz_mwnrxpr0000gn/T//ccKwgVqa.s:48     .text._fstat:000000000000001c .L0 
/var/folders/v8/5w7qrjpd37x60gtz_mwnrxpr0000gn/T//ccKwgVqa.s:52     .text._fstat:000000000000001e .L0 
/var/folders/v8/5w7qrjpd37x60gtz_mwnrxpr0000gn/T//ccKwgVqa.s:57     .text._fstat:0000000000000020 .L0 
/var/folders/v8/5w7qrjpd37x60gtz_mwnrxpr0000gn/T//ccKwgVqa.s:59     .text._fstat:0000000000000020 .L0 
/var/folders/v8/5w7qrjpd37x60gtz_mwnrxpr0000gn/T//ccKwgVqa.s:61     .text._fstat:0000000000000024 .L0 
/var/folders/v8/5w7qrjpd37x60gtz_mwnrxpr0000gn/T//ccKwgVqa.s:64     .text._fstat:0000000000000024 .L0 
                     .debug_frame:0000000000000000 .L0 
/var/folders/v8/5w7qrjpd37x60gtz_mwnrxpr0000gn/T//ccKwgVqa.s:55     .text._fstat:0000000000000020 .L3
/var/folders/v8/5w7qrjpd37x60gtz_mwnrxpr0000gn/T//ccKwgVqa.s:42     .text._fstat:0000000000000018 .L1
/var/folders/v8/5w7qrjpd37x60gtz_mwnrxpr0000gn/T//ccKwgVqa.s:1934   .debug_abbrev:0000000000000000 .Ldebug_abbrev0
/var/folders/v8/5w7qrjpd37x60gtz_mwnrxpr0000gn/T//ccKwgVqa.s:2740   .debug_str:00000000000003b2 .LASF170
/var/folders/v8/5w7qrjpd37x60gtz_mwnrxpr0000gn/T//ccKwgVqa.s:2632   .debug_str:00000000000001a0 .LASF171
/var/folders/v8/5w7qrjpd37x60gtz_mwnrxpr0000gn/T//ccKwgVqa.s:2804   .debug_str:0000000000000545 .LASF172
/var/folders/v8/5w7qrjpd37x60gtz_mwnrxpr0000gn/T//ccKwgVqa.s:2538   .debug_ranges:0000000000000000 .Ldebug_ranges0
/var/folders/v8/5w7qrjpd37x60gtz_mwnrxpr0000gn/T//ccKwgVqa.s:2544   .debug_line:0000000000000000 .Ldebug_line0
/var/folders/v8/5w7qrjpd37x60gtz_mwnrxpr0000gn/T//ccKwgVqa.s:2676   .debug_str:0000000000000287 .LASF0
/var/folders/v8/5w7qrjpd37x60gtz_mwnrxpr0000gn/T//ccKwgVqa.s:2596   .debug_str:0000000000000100 .LASF1
/var/folders/v8/5w7qrjpd37x60gtz_mwnrxpr0000gn/T//ccKwgVqa.s:2732   .debug_str:000000000000037f .LASF2
/var/folders/v8/5w7qrjpd37x60gtz_mwnrxpr0000gn/T//ccKwgVqa.s:2712   .debug_str:0000000000000331 .LASF8
/var/folders/v8/5w7qrjpd37x60gtz_mwnrxpr0000gn/T//ccKwgVqa.s:2598   .debug_str:000000000000010e .LASF3
/var/folders/v8/5w7qrjpd37x60gtz_mwnrxpr0000gn/T//ccKwgVqa.s:2762   .debug_str:000000000000048c .LASF4
/var/folders/v8/5w7qrjpd37x60gtz_mwnrxpr0000gn/T//ccKwgVqa.s:2770   .debug_str:00000000000004af .LASF5
/var/folders/v8/5w7qrjpd37x60gtz_mwnrxpr0000gn/T//ccKwgVqa.s:2698   .debug_str:00000000000002e6 .LASF6
/var/folders/v8/5w7qrjpd37x60gtz_mwnrxpr0000gn/T//ccKwgVqa.s:2618   .debug_str:0000000000000167 .LASF7
/var/folders/v8/5w7qrjpd37x60gtz_mwnrxpr0000gn/T//ccKwgVqa.s:2652   .debug_str:000000000000021d .LASF9
/var/folders/v8/5w7qrjpd37x60gtz_mwnrxpr0000gn/T//ccKwgVqa.s:2686   .debug_str:00000000000002b4 .LASF10
/var/folders/v8/5w7qrjpd37x60gtz_mwnrxpr0000gn/T//ccKwgVqa.s:2574   .debug_str:0000000000000082 .LASF11
/var/folders/v8/5w7qrjpd37x60gtz_mwnrxpr0000gn/T//ccKwgVqa.s:2586   .debug_str:00000000000000cc .LASF12
/var/folders/v8/5w7qrjpd37x60gtz_mwnrxpr0000gn/T//ccKwgVqa.s:2616   .debug_str:000000000000015c .LASF13
/var/folders/v8/5w7qrjpd37x60gtz_mwnrxpr0000gn/T//ccKwgVqa.s:2746   .debug_str:000000000000043d .LASF14
/var/folders/v8/5w7qrjpd37x60gtz_mwnrxpr0000gn/T//ccKwgVqa.s:2748   .debug_str:0000000000000449 .LASF15
/var/folders/v8/5w7qrjpd37x60gtz_mwnrxpr0000gn/T//ccKwgVqa.s:2664   .debug_str:0000000000000256 .LASF16
/var/folders/v8/5w7qrjpd37x60gtz_mwnrxpr0000gn/T//ccKwgVqa.s:2838   .debug_str:0000000000000602 .LASF17
/var/folders/v8/5w7qrjpd37x60gtz_mwnrxpr0000gn/T//ccKwgVqa.s:2550   .debug_str:0000000000000014 .LASF18
/var/folders/v8/5w7qrjpd37x60gtz_mwnrxpr0000gn/T//ccKwgVqa.s:2810   .debug_str:0000000000000595 .LASF19
/var/folders/v8/5w7qrjpd37x60gtz_mwnrxpr0000gn/T//ccKwgVqa.s:2602   .debug_str:0000000000000120 .LASF20
/var/folders/v8/5w7qrjpd37x60gtz_mwnrxpr0000gn/T//ccKwgVqa.s:2548   .debug_str:000000000000000c .LASF21
GAS LISTING /var/folders/v8/5w7qrjpd37x60gtz_mwnrxpr0000gn/T//ccKwgVqa.s 			page 4


/var/folders/v8/5w7qrjpd37x60gtz_mwnrxpr0000gn/T//ccKwgVqa.s:2822   .debug_str:00000000000005c5 .LASF22
/var/folders/v8/5w7qrjpd37x60gtz_mwnrxpr0000gn/T//ccKwgVqa.s:2864   .debug_str:000000000000067d .LASF23
/var/folders/v8/5w7qrjpd37x60gtz_mwnrxpr0000gn/T//ccKwgVqa.s:2708   .debug_str:0000000000000323 .LASF24
/var/folders/v8/5w7qrjpd37x60gtz_mwnrxpr0000gn/T//ccKwgVqa.s:2678   .debug_str:0000000000000294 .LASF25
/var/folders/v8/5w7qrjpd37x60gtz_mwnrxpr0000gn/T//ccKwgVqa.s:2814   .debug_str:00000000000005a3 .LASF26
/var/folders/v8/5w7qrjpd37x60gtz_mwnrxpr0000gn/T//ccKwgVqa.s:2816   .debug_str:00000000000005ab .LASF27
/var/folders/v8/5w7qrjpd37x60gtz_mwnrxpr0000gn/T//ccKwgVqa.s:2782   .debug_str:00000000000004e2 .LASF28
/var/folders/v8/5w7qrjpd37x60gtz_mwnrxpr0000gn/T//ccKwgVqa.s:2892   .debug_str:00000000000006fa .LASF29
/var/folders/v8/5w7qrjpd37x60gtz_mwnrxpr0000gn/T//ccKwgVqa.s:2850   .debug_str:0000000000000633 .LASF30
/var/folders/v8/5w7qrjpd37x60gtz_mwnrxpr0000gn/T//ccKwgVqa.s:2758   .debug_str:0000000000000471 .LASF31
/var/folders/v8/5w7qrjpd37x60gtz_mwnrxpr0000gn/T//ccKwgVqa.s:2656   .debug_str:000000000000022e .LASF32
/var/folders/v8/5w7qrjpd37x60gtz_mwnrxpr0000gn/T//ccKwgVqa.s:2660   .debug_str:000000000000023f .LASF37
/var/folders/v8/5w7qrjpd37x60gtz_mwnrxpr0000gn/T//ccKwgVqa.s:2840   .debug_str:000000000000060a .LASF33
/var/folders/v8/5w7qrjpd37x60gtz_mwnrxpr0000gn/T//ccKwgVqa.s:2806   .debug_str:0000000000000586 .LASF34
/var/folders/v8/5w7qrjpd37x60gtz_mwnrxpr0000gn/T//ccKwgVqa.s:2654   .debug_str:0000000000000228 .LASF35
/var/folders/v8/5w7qrjpd37x60gtz_mwnrxpr0000gn/T//ccKwgVqa.s:2858   .debug_str:0000000000000668 .LASF36
/var/folders/v8/5w7qrjpd37x60gtz_mwnrxpr0000gn/T//ccKwgVqa.s:2674   .debug_str:0000000000000282 .LASF38
/var/folders/v8/5w7qrjpd37x60gtz_mwnrxpr0000gn/T//ccKwgVqa.s:2592   .debug_str:00000000000000f2 .LASF39
/var/folders/v8/5w7qrjpd37x60gtz_mwnrxpr0000gn/T//ccKwgVqa.s:2832   .debug_str:00000000000005ec .LASF40
/var/folders/v8/5w7qrjpd37x60gtz_mwnrxpr0000gn/T//ccKwgVqa.s:2606   .debug_str:000000000000012f .LASF41
/var/folders/v8/5w7qrjpd37x60gtz_mwnrxpr0000gn/T//ccKwgVqa.s:2896   .debug_str:000000000000070d .LASF42
/var/folders/v8/5w7qrjpd37x60gtz_mwnrxpr0000gn/T//ccKwgVqa.s:2742   .debug_str:000000000000042c .LASF43
/var/folders/v8/5w7qrjpd37x60gtz_mwnrxpr0000gn/T//ccKwgVqa.s:2726   .debug_str:0000000000000365 .LASF44
/var/folders/v8/5w7qrjpd37x60gtz_mwnrxpr0000gn/T//ccKwgVqa.s:2860   .debug_str:000000000000066d .LASF45
/var/folders/v8/5w7qrjpd37x60gtz_mwnrxpr0000gn/T//ccKwgVqa.s:2772   .debug_str:00000000000004b9 .LASF46
/var/folders/v8/5w7qrjpd37x60gtz_mwnrxpr0000gn/T//ccKwgVqa.s:2876   .debug_str:00000000000006b2 .LASF47
/var/folders/v8/5w7qrjpd37x60gtz_mwnrxpr0000gn/T//ccKwgVqa.s:2610   .debug_str:000000000000013e .LASF48
/var/folders/v8/5w7qrjpd37x60gtz_mwnrxpr0000gn/T//ccKwgVqa.s:2646   .debug_str:000000000000020a .LASF49
/var/folders/v8/5w7qrjpd37x60gtz_mwnrxpr0000gn/T//ccKwgVqa.s:2546   .debug_str:0000000000000000 .LASF50
/var/folders/v8/5w7qrjpd37x60gtz_mwnrxpr0000gn/T//ccKwgVqa.s:2846   .debug_str:0000000000000625 .LASF51
/var/folders/v8/5w7qrjpd37x60gtz_mwnrxpr0000gn/T//ccKwgVqa.s:2624   .debug_str:0000000000000181 .LASF52
/var/folders/v8/5w7qrjpd37x60gtz_mwnrxpr0000gn/T//ccKwgVqa.s:2744   .debug_str:0000000000000435 .LASF53
/var/folders/v8/5w7qrjpd37x60gtz_mwnrxpr0000gn/T//ccKwgVqa.s:2798   .debug_str:000000000000052e .LASF54
/var/folders/v8/5w7qrjpd37x60gtz_mwnrxpr0000gn/T//ccKwgVqa.s:2648   .debug_str:0000000000000212 .LASF55
/var/folders/v8/5w7qrjpd37x60gtz_mwnrxpr0000gn/T//ccKwgVqa.s:2774   .debug_str:00000000000004c3 .LASF56
/var/folders/v8/5w7qrjpd37x60gtz_mwnrxpr0000gn/T//ccKwgVqa.s:2604   .debug_str:0000000000000129 .LASF57
/var/folders/v8/5w7qrjpd37x60gtz_mwnrxpr0000gn/T//ccKwgVqa.s:2552   .debug_str:000000000000001c .LASF58
/var/folders/v8/5w7qrjpd37x60gtz_mwnrxpr0000gn/T//ccKwgVqa.s:2784   .debug_str:00000000000004ed .LASF59
/var/folders/v8/5w7qrjpd37x60gtz_mwnrxpr0000gn/T//ccKwgVqa.s:2622   .debug_str:000000000000017a .LASF60
/var/folders/v8/5w7qrjpd37x60gtz_mwnrxpr0000gn/T//ccKwgVqa.s:2688   .debug_str:00000000000002c6 .LASF61
/var/folders/v8/5w7qrjpd37x60gtz_mwnrxpr0000gn/T//ccKwgVqa.s:2578   .debug_str:00000000000000a3 .LASF62
/var/folders/v8/5w7qrjpd37x60gtz_mwnrxpr0000gn/T//ccKwgVqa.s:2612   .debug_str:000000000000014c .LASF63
/var/folders/v8/5w7qrjpd37x60gtz_mwnrxpr0000gn/T//ccKwgVqa.s:2666   .debug_str:000000000000025e .LASF64
/var/folders/v8/5w7qrjpd37x60gtz_mwnrxpr0000gn/T//ccKwgVqa.s:2724   .debug_str:000000000000035e .LASF65
/var/folders/v8/5w7qrjpd37x60gtz_mwnrxpr0000gn/T//ccKwgVqa.s:2818   .debug_str:00000000000005b3 .LASF66
/var/folders/v8/5w7qrjpd37x60gtz_mwnrxpr0000gn/T//ccKwgVqa.s:2880   .debug_str:00000000000006cc .LASF67
/var/folders/v8/5w7qrjpd37x60gtz_mwnrxpr0000gn/T//ccKwgVqa.s:2600   .debug_str:000000000000011a .LASF68
/var/folders/v8/5w7qrjpd37x60gtz_mwnrxpr0000gn/T//ccKwgVqa.s:2872   .debug_str:00000000000006a4 .LASF69
/var/folders/v8/5w7qrjpd37x60gtz_mwnrxpr0000gn/T//ccKwgVqa.s:2630   .debug_str:0000000000000197 .LASF70
/var/folders/v8/5w7qrjpd37x60gtz_mwnrxpr0000gn/T//ccKwgVqa.s:2640   .debug_str:00000000000001e3 .LASF71
/var/folders/v8/5w7qrjpd37x60gtz_mwnrxpr0000gn/T//ccKwgVqa.s:2568   .debug_str:000000000000005c .LASF72
/var/folders/v8/5w7qrjpd37x60gtz_mwnrxpr0000gn/T//ccKwgVqa.s:2714   .debug_str:0000000000000338 .LASF73
/var/folders/v8/5w7qrjpd37x60gtz_mwnrxpr0000gn/T//ccKwgVqa.s:2788   .debug_str:00000000000004ff .LASF74
/var/folders/v8/5w7qrjpd37x60gtz_mwnrxpr0000gn/T//ccKwgVqa.s:2718   .debug_str:0000000000000345 .LASF75
/var/folders/v8/5w7qrjpd37x60gtz_mwnrxpr0000gn/T//ccKwgVqa.s:2808   .debug_str:000000000000058e .LASF76
/var/folders/v8/5w7qrjpd37x60gtz_mwnrxpr0000gn/T//ccKwgVqa.s:2826   .debug_str:00000000000005d6 .LASF77
/var/folders/v8/5w7qrjpd37x60gtz_mwnrxpr0000gn/T//ccKwgVqa.s:2626   .debug_str:0000000000000189 .LASF78
GAS LISTING /var/folders/v8/5w7qrjpd37x60gtz_mwnrxpr0000gn/T//ccKwgVqa.s 			page 5


/var/folders/v8/5w7qrjpd37x60gtz_mwnrxpr0000gn/T//ccKwgVqa.s:2680   .debug_str:000000000000029b .LASF79
/var/folders/v8/5w7qrjpd37x60gtz_mwnrxpr0000gn/T//ccKwgVqa.s:2658   .debug_str:0000000000000237 .LASF80
/var/folders/v8/5w7qrjpd37x60gtz_mwnrxpr0000gn/T//ccKwgVqa.s:2796   .debug_str:0000000000000529 .LASF81
/var/folders/v8/5w7qrjpd37x60gtz_mwnrxpr0000gn/T//ccKwgVqa.s:2560   .debug_str:0000000000000039 .LASF82
/var/folders/v8/5w7qrjpd37x60gtz_mwnrxpr0000gn/T//ccKwgVqa.s:2734   .debug_str:000000000000038b .LASF83
/var/folders/v8/5w7qrjpd37x60gtz_mwnrxpr0000gn/T//ccKwgVqa.s:2800   .debug_str:0000000000000533 .LASF84
/var/folders/v8/5w7qrjpd37x60gtz_mwnrxpr0000gn/T//ccKwgVqa.s:2634   .debug_str:00000000000001c3 .LASF85
/var/folders/v8/5w7qrjpd37x60gtz_mwnrxpr0000gn/T//ccKwgVqa.s:2802   .debug_str:000000000000053b .LASF86
/var/folders/v8/5w7qrjpd37x60gtz_mwnrxpr0000gn/T//ccKwgVqa.s:2706   .debug_str:000000000000031b .LASF87
/var/folders/v8/5w7qrjpd37x60gtz_mwnrxpr0000gn/T//ccKwgVqa.s:2668   .debug_str:0000000000000264 .LASF88
/var/folders/v8/5w7qrjpd37x60gtz_mwnrxpr0000gn/T//ccKwgVqa.s:2890   .debug_str:00000000000006f5 .LASF89
/var/folders/v8/5w7qrjpd37x60gtz_mwnrxpr0000gn/T//ccKwgVqa.s:2754   .debug_str:000000000000045d .LASF90
/var/folders/v8/5w7qrjpd37x60gtz_mwnrxpr0000gn/T//ccKwgVqa.s:2684   .debug_str:00000000000002ac .LASF91
/var/folders/v8/5w7qrjpd37x60gtz_mwnrxpr0000gn/T//ccKwgVqa.s:2638   .debug_str:00000000000001db .LASF92
/var/folders/v8/5w7qrjpd37x60gtz_mwnrxpr0000gn/T//ccKwgVqa.s:2764   .debug_str:000000000000049a .LASF93
/var/folders/v8/5w7qrjpd37x60gtz_mwnrxpr0000gn/T//ccKwgVqa.s:2700   .debug_str:00000000000002f9 .LASF94
/var/folders/v8/5w7qrjpd37x60gtz_mwnrxpr0000gn/T//ccKwgVqa.s:2868   .debug_str:0000000000000690 .LASF95
/var/folders/v8/5w7qrjpd37x60gtz_mwnrxpr0000gn/T//ccKwgVqa.s:2614   .debug_str:0000000000000154 .LASF96
/var/folders/v8/5w7qrjpd37x60gtz_mwnrxpr0000gn/T//ccKwgVqa.s:2608   .debug_str:0000000000000139 .LASF97
/var/folders/v8/5w7qrjpd37x60gtz_mwnrxpr0000gn/T//ccKwgVqa.s:2828   .debug_str:00000000000005dd .LASF98
/var/folders/v8/5w7qrjpd37x60gtz_mwnrxpr0000gn/T//ccKwgVqa.s:2780   .debug_str:00000000000004db .LASF99
/var/folders/v8/5w7qrjpd37x60gtz_mwnrxpr0000gn/T//ccKwgVqa.s:2862   .debug_str:0000000000000677 .LASF100
/var/folders/v8/5w7qrjpd37x60gtz_mwnrxpr0000gn/T//ccKwgVqa.s:2694   .debug_str:00000000000002d9 .LASF101
/var/folders/v8/5w7qrjpd37x60gtz_mwnrxpr0000gn/T//ccKwgVqa.s:2778   .debug_str:00000000000004d5 .LASF102
/var/folders/v8/5w7qrjpd37x60gtz_mwnrxpr0000gn/T//ccKwgVqa.s:2556   .debug_str:000000000000002a .LASF103
/var/folders/v8/5w7qrjpd37x60gtz_mwnrxpr0000gn/T//ccKwgVqa.s:2812   .debug_str:000000000000059d .LASF104
/var/folders/v8/5w7qrjpd37x60gtz_mwnrxpr0000gn/T//ccKwgVqa.s:2836   .debug_str:00000000000005fc .LASF105
/var/folders/v8/5w7qrjpd37x60gtz_mwnrxpr0000gn/T//ccKwgVqa.s:2848   .debug_str:000000000000062e .LASF106
/var/folders/v8/5w7qrjpd37x60gtz_mwnrxpr0000gn/T//ccKwgVqa.s:2856   .debug_str:000000000000065b .LASF107
/var/folders/v8/5w7qrjpd37x60gtz_mwnrxpr0000gn/T//ccKwgVqa.s:2842   .debug_str:0000000000000610 .LASF108
/var/folders/v8/5w7qrjpd37x60gtz_mwnrxpr0000gn/T//ccKwgVqa.s:2704   .debug_str:000000000000030e .LASF109
/var/folders/v8/5w7qrjpd37x60gtz_mwnrxpr0000gn/T//ccKwgVqa.s:2878   .debug_str:00000000000006bd .LASF110
/var/folders/v8/5w7qrjpd37x60gtz_mwnrxpr0000gn/T//ccKwgVqa.s:2662   .debug_str:0000000000000247 .LASF111
/var/folders/v8/5w7qrjpd37x60gtz_mwnrxpr0000gn/T//ccKwgVqa.s:2790   .debug_str:0000000000000508 .LASF112
/var/folders/v8/5w7qrjpd37x60gtz_mwnrxpr0000gn/T//ccKwgVqa.s:2882   .debug_str:00000000000006d3 .LASF113
/var/folders/v8/5w7qrjpd37x60gtz_mwnrxpr0000gn/T//ccKwgVqa.s:2794   .debug_str:000000000000051c .LASF114
/var/folders/v8/5w7qrjpd37x60gtz_mwnrxpr0000gn/T//ccKwgVqa.s:2888   .debug_str:00000000000006e7 .LASF115
/var/folders/v8/5w7qrjpd37x60gtz_mwnrxpr0000gn/T//ccKwgVqa.s:2590   .debug_str:00000000000000e4 .LASF116
/var/folders/v8/5w7qrjpd37x60gtz_mwnrxpr0000gn/T//ccKwgVqa.s:2866   .debug_str:0000000000000686 .LASF117
/var/folders/v8/5w7qrjpd37x60gtz_mwnrxpr0000gn/T//ccKwgVqa.s:2702   .debug_str:0000000000000302 .LASF118
/var/folders/v8/5w7qrjpd37x60gtz_mwnrxpr0000gn/T//ccKwgVqa.s:2852   .debug_str:000000000000063b .LASF119
/var/folders/v8/5w7qrjpd37x60gtz_mwnrxpr0000gn/T//ccKwgVqa.s:2644   .debug_str:00000000000001fc .LASF120
/var/folders/v8/5w7qrjpd37x60gtz_mwnrxpr0000gn/T//ccKwgVqa.s:2584   .debug_str:00000000000000bd .LASF121
/var/folders/v8/5w7qrjpd37x60gtz_mwnrxpr0000gn/T//ccKwgVqa.s:2642   .debug_str:00000000000001eb .LASF122
/var/folders/v8/5w7qrjpd37x60gtz_mwnrxpr0000gn/T//ccKwgVqa.s:2570   .debug_str:0000000000000062 .LASF123
/var/folders/v8/5w7qrjpd37x60gtz_mwnrxpr0000gn/T//ccKwgVqa.s:2572   .debug_str:0000000000000071 .LASF124
/var/folders/v8/5w7qrjpd37x60gtz_mwnrxpr0000gn/T//ccKwgVqa.s:2768   .debug_str:00000000000004a6 .LASF125
/var/folders/v8/5w7qrjpd37x60gtz_mwnrxpr0000gn/T//ccKwgVqa.s:2738   .debug_str:00000000000003ab .LASF126
/var/folders/v8/5w7qrjpd37x60gtz_mwnrxpr0000gn/T//ccKwgVqa.s:2728   .debug_str:000000000000036f .LASF127
/var/folders/v8/5w7qrjpd37x60gtz_mwnrxpr0000gn/T//ccKwgVqa.s:2874   .debug_str:00000000000006aa .LASF128
/var/folders/v8/5w7qrjpd37x60gtz_mwnrxpr0000gn/T//ccKwgVqa.s:2580   .debug_str:00000000000000ac .LASF173
/var/folders/v8/5w7qrjpd37x60gtz_mwnrxpr0000gn/T//ccKwgVqa.s:2820   .debug_str:00000000000005b9 .LASF129
/var/folders/v8/5w7qrjpd37x60gtz_mwnrxpr0000gn/T//ccKwgVqa.s:2854   .debug_str:0000000000000648 .LASF130
/var/folders/v8/5w7qrjpd37x60gtz_mwnrxpr0000gn/T//ccKwgVqa.s:2636   .debug_str:00000000000001ce .LASF131
/var/folders/v8/5w7qrjpd37x60gtz_mwnrxpr0000gn/T//ccKwgVqa.s:2786   .debug_str:00000000000004f5 .LASF132
/var/folders/v8/5w7qrjpd37x60gtz_mwnrxpr0000gn/T//ccKwgVqa.s:2752   .debug_str:0000000000000456 .LASF133
/var/folders/v8/5w7qrjpd37x60gtz_mwnrxpr0000gn/T//ccKwgVqa.s:2682   .debug_str:00000000000002a3 .LASF134
GAS LISTING /var/folders/v8/5w7qrjpd37x60gtz_mwnrxpr0000gn/T//ccKwgVqa.s 			page 6


/var/folders/v8/5w7qrjpd37x60gtz_mwnrxpr0000gn/T//ccKwgVqa.s:2870   .debug_str:000000000000069a .LASF135
/var/folders/v8/5w7qrjpd37x60gtz_mwnrxpr0000gn/T//ccKwgVqa.s:2898   .debug_str:0000000000000717 .LASF136
/var/folders/v8/5w7qrjpd37x60gtz_mwnrxpr0000gn/T//ccKwgVqa.s:2690   .debug_str:00000000000002cc .LASF137
/var/folders/v8/5w7qrjpd37x60gtz_mwnrxpr0000gn/T//ccKwgVqa.s:2750   .debug_str:0000000000000450 .LASF138
/var/folders/v8/5w7qrjpd37x60gtz_mwnrxpr0000gn/T//ccKwgVqa.s:2696   .debug_str:00000000000002e0 .LASF139
/var/folders/v8/5w7qrjpd37x60gtz_mwnrxpr0000gn/T//ccKwgVqa.s:2650   .debug_str:0000000000000217 .LASF140
/var/folders/v8/5w7qrjpd37x60gtz_mwnrxpr0000gn/T//ccKwgVqa.s:2558   .debug_str:0000000000000032 .LASF141
/var/folders/v8/5w7qrjpd37x60gtz_mwnrxpr0000gn/T//ccKwgVqa.s:2554   .debug_str:0000000000000022 .LASF142
/var/folders/v8/5w7qrjpd37x60gtz_mwnrxpr0000gn/T//ccKwgVqa.s:2710   .debug_str:0000000000000329 .LASF143
/var/folders/v8/5w7qrjpd37x60gtz_mwnrxpr0000gn/T//ccKwgVqa.s:2730   .debug_str:0000000000000378 .LASF144
/var/folders/v8/5w7qrjpd37x60gtz_mwnrxpr0000gn/T//ccKwgVqa.s:2736   .debug_str:00000000000003a4 .LASF145
/var/folders/v8/5w7qrjpd37x60gtz_mwnrxpr0000gn/T//ccKwgVqa.s:2834   .debug_str:00000000000005f5 .LASF146
/var/folders/v8/5w7qrjpd37x60gtz_mwnrxpr0000gn/T//ccKwgVqa.s:2884   .debug_str:00000000000006d8 .LASF147
/var/folders/v8/5w7qrjpd37x60gtz_mwnrxpr0000gn/T//ccKwgVqa.s:2722   .debug_str:0000000000000355 .LASF148
/var/folders/v8/5w7qrjpd37x60gtz_mwnrxpr0000gn/T//ccKwgVqa.s:2756   .debug_str:0000000000000467 .LASF149
/var/folders/v8/5w7qrjpd37x60gtz_mwnrxpr0000gn/T//ccKwgVqa.s:2562   .debug_str:0000000000000044 .LASF150
/var/folders/v8/5w7qrjpd37x60gtz_mwnrxpr0000gn/T//ccKwgVqa.s:2588   .debug_str:00000000000000dc .LASF151
/var/folders/v8/5w7qrjpd37x60gtz_mwnrxpr0000gn/T//ccKwgVqa.s:2594   .debug_str:00000000000000fb .LASF152
/var/folders/v8/5w7qrjpd37x60gtz_mwnrxpr0000gn/T//ccKwgVqa.s:2564   .debug_str:000000000000004e .LASF153
/var/folders/v8/5w7qrjpd37x60gtz_mwnrxpr0000gn/T//ccKwgVqa.s:2766   .debug_str:000000000000049f .LASF154
/var/folders/v8/5w7qrjpd37x60gtz_mwnrxpr0000gn/T//ccKwgVqa.s:2844   .debug_str:000000000000061d .LASF155
/var/folders/v8/5w7qrjpd37x60gtz_mwnrxpr0000gn/T//ccKwgVqa.s:2760   .debug_str:0000000000000483 .LASF156
/var/folders/v8/5w7qrjpd37x60gtz_mwnrxpr0000gn/T//ccKwgVqa.s:2692   .debug_str:00000000000002d2 .LASF157
/var/folders/v8/5w7qrjpd37x60gtz_mwnrxpr0000gn/T//ccKwgVqa.s:2566   .debug_str:0000000000000055 .LASF158
/var/folders/v8/5w7qrjpd37x60gtz_mwnrxpr0000gn/T//ccKwgVqa.s:2886   .debug_str:00000000000006df .LASF159
/var/folders/v8/5w7qrjpd37x60gtz_mwnrxpr0000gn/T//ccKwgVqa.s:2720   .debug_str:000000000000034d .LASF160
/var/folders/v8/5w7qrjpd37x60gtz_mwnrxpr0000gn/T//ccKwgVqa.s:2824   .debug_str:00000000000005cd .LASF161
/var/folders/v8/5w7qrjpd37x60gtz_mwnrxpr0000gn/T//ccKwgVqa.s:2670   .debug_str:000000000000026e .LASF162
/var/folders/v8/5w7qrjpd37x60gtz_mwnrxpr0000gn/T//ccKwgVqa.s:2894   .debug_str:0000000000000704 .LASF163
/var/folders/v8/5w7qrjpd37x60gtz_mwnrxpr0000gn/T//ccKwgVqa.s:2672   .debug_str:0000000000000278 .LASF164
/var/folders/v8/5w7qrjpd37x60gtz_mwnrxpr0000gn/T//ccKwgVqa.s:2792   .debug_str:0000000000000513 .LASF165
/var/folders/v8/5w7qrjpd37x60gtz_mwnrxpr0000gn/T//ccKwgVqa.s:2620   .debug_str:0000000000000170 .LASF166
/var/folders/v8/5w7qrjpd37x60gtz_mwnrxpr0000gn/T//ccKwgVqa.s:2776   .debug_str:00000000000004ca .LASF167
/var/folders/v8/5w7qrjpd37x60gtz_mwnrxpr0000gn/T//ccKwgVqa.s:2576   .debug_str:0000000000000099 .LASF168
/var/folders/v8/5w7qrjpd37x60gtz_mwnrxpr0000gn/T//ccKwgVqa.s:2830   .debug_str:00000000000005e2 .LASF169
/var/folders/v8/5w7qrjpd37x60gtz_mwnrxpr0000gn/T//ccKwgVqa.s:2628   .debug_str:0000000000000190 .LASF174
/var/folders/v8/5w7qrjpd37x60gtz_mwnrxpr0000gn/T//ccKwgVqa.s:14     .text._fstat:0000000000000000 .LFB1
/var/folders/v8/5w7qrjpd37x60gtz_mwnrxpr0000gn/T//ccKwgVqa.s:62     .text._fstat:0000000000000024 .LFE1
/var/folders/v8/5w7qrjpd37x60gtz_mwnrxpr0000gn/T//ccKwgVqa.s:2466   .debug_loc:0000000000000000 .LLST0
/var/folders/v8/5w7qrjpd37x60gtz_mwnrxpr0000gn/T//ccKwgVqa.s:2489   .debug_loc:0000000000000038 .LLST1
/var/folders/v8/5w7qrjpd37x60gtz_mwnrxpr0000gn/T//ccKwgVqa.s:2503   .debug_loc:0000000000000059 .LLST2
/var/folders/v8/5w7qrjpd37x60gtz_mwnrxpr0000gn/T//ccKwgVqa.s:32     .text._fstat:0000000000000010 .LVL1
/var/folders/v8/5w7qrjpd37x60gtz_mwnrxpr0000gn/T//ccKwgVqa.s:2582   .debug_str:00000000000000b7 .LASF175
/var/folders/v8/5w7qrjpd37x60gtz_mwnrxpr0000gn/T//ccKwgVqa.s:2716   .debug_str:000000000000033e .LASF176
/var/folders/v8/5w7qrjpd37x60gtz_mwnrxpr0000gn/T//ccKwgVqa.s:22     .text._fstat:0000000000000002 .LCFI0
/var/folders/v8/5w7qrjpd37x60gtz_mwnrxpr0000gn/T//ccKwgVqa.s:51     .text._fstat:000000000000001e .LCFI1
/var/folders/v8/5w7qrjpd37x60gtz_mwnrxpr0000gn/T//ccKwgVqa.s:56     .text._fstat:0000000000000020 .LCFI2
/var/folders/v8/5w7qrjpd37x60gtz_mwnrxpr0000gn/T//ccKwgVqa.s:18     .text._fstat:0000000000000000 .LVL0
/var/folders/v8/5w7qrjpd37x60gtz_mwnrxpr0000gn/T//ccKwgVqa.s:49     .text._fstat:000000000000001c .LVL2
/var/folders/v8/5w7qrjpd37x60gtz_mwnrxpr0000gn/T//ccKwgVqa.s:54     .text._fstat:0000000000000020 .LVL3
/var/folders/v8/5w7qrjpd37x60gtz_mwnrxpr0000gn/T//ccKwgVqa.s:79     .debug_info:0000000000000000 .Ldebug_info0

UNDEFINED SYMBOLS
isatty
