GAS LISTING /var/folders/v8/5w7qrjpd37x60gtz_mwnrxpr0000gn/T//ccd59Jud.s 			page 1


   1              		.file	"init.c"
   2              		.option nopic
   3              		.attribute arch, "rv32i2p0_m2p0_a2p0_c2p0"
   4              		.attribute unaligned_access, 0
   5              		.attribute stack_align, 16
   6              		.text
   7              	.Ltext0:
   8              		.cfi_sections	.debug_frame
   9              		.section	.text._init,"ax",@progbits
  10              		.align	1
  11              		.globl	_init
  13              	_init:
  14              	.LFB5:
  15              		.file 1 "../../firmware/RISCV/env_Eclipse/init.c"
   1:../../firmware/RISCV/env_Eclipse/init.c **** //See LICENSE for license details.
   2:../../firmware/RISCV/env_Eclipse/init.c **** #include <gd32vf103.h>
   3:../../firmware/RISCV/env_Eclipse/init.c **** #include <stdint.h>
   4:../../firmware/RISCV/env_Eclipse/init.c **** #include <stdio.h>
   5:../../firmware/RISCV/env_Eclipse/init.c **** #include <unistd.h>
   6:../../firmware/RISCV/env_Eclipse/init.c **** #include "riscv_encoding.h"
   7:../../firmware/RISCV/env_Eclipse/init.c **** #include "n200_func.h"
   8:../../firmware/RISCV/env_Eclipse/init.c **** 
   9:../../firmware/RISCV/env_Eclipse/init.c **** extern uint32_t disable_mcycle_minstret();
  10:../../firmware/RISCV/env_Eclipse/init.c **** void _init()
  11:../../firmware/RISCV/env_Eclipse/init.c **** {
  16              		.loc 1 11 1
  17              		.cfi_startproc
  12:../../firmware/RISCV/env_Eclipse/init.c **** 	SystemInit();
  18              		.loc 1 12 2
  11:../../firmware/RISCV/env_Eclipse/init.c **** 	SystemInit();
  19              		.loc 1 11 1 is_stmt 0
  20 0000 4111     		addi	sp,sp,-16
  21              	.LCFI0:
  22              		.cfi_def_cfa_offset 16
  23 0002 06C6     		sw	ra,12(sp)
  24              		.cfi_offset 1, -4
  25              		.loc 1 12 2
  26 0004 97000000 		call	SystemInit
  26      E7800000 
  27              	.LVL0:
  13:../../firmware/RISCV/env_Eclipse/init.c **** 
  14:../../firmware/RISCV/env_Eclipse/init.c **** 	//ECLIC init
  15:../../firmware/RISCV/env_Eclipse/init.c **** 	eclic_init(ECLIC_NUM_INTERRUPTS);
  28              		.loc 1 15 2 is_stmt 1
  29 000c 13057005 		li	a0,87
  30 0010 97000000 		call	eclic_init
  30      E7800000 
  31              	.LVL1:
  16:../../firmware/RISCV/env_Eclipse/init.c **** 	eclic_mode_enable();
  32              		.loc 1 16 2
  33 0018 97000000 		call	eclic_mode_enable
  33      E7800000 
  34              	.LVL2:
  17:../../firmware/RISCV/env_Eclipse/init.c **** 
  18:../../firmware/RISCV/env_Eclipse/init.c **** 	//printf("After ECLIC mode enabled, the mtvec value is %x \n\n\r", read_csr(mtvec));
  19:../../firmware/RISCV/env_Eclipse/init.c **** 
  20:../../firmware/RISCV/env_Eclipse/init.c **** 	// // It must be NOTED:
GAS LISTING /var/folders/v8/5w7qrjpd37x60gtz_mwnrxpr0000gn/T//ccd59Jud.s 			page 2


  21:../../firmware/RISCV/env_Eclipse/init.c **** 	//  //    * In the RISC-V arch, if user mode and PMP supported, then by default if PMP is not conf
  22:../../firmware/RISCV/env_Eclipse/init.c **** 	//  //      with valid entries, then user mode cannot access any memory, and cannot execute any in
  23:../../firmware/RISCV/env_Eclipse/init.c **** 	//  //    * So if switch to user-mode and still want to continue, then you must configure PMP firs
  24:../../firmware/RISCV/env_Eclipse/init.c **** 	//pmp_open_all_space();
  25:../../firmware/RISCV/env_Eclipse/init.c **** 	//switch_m2u_mode();
  26:../../firmware/RISCV/env_Eclipse/init.c **** 	
  27:../../firmware/RISCV/env_Eclipse/init.c ****     /* Before enter into main, add the cycle/instret disable by default to save power,
  28:../../firmware/RISCV/env_Eclipse/init.c ****     only use them when needed to measure the cycle/instret */
  29:../../firmware/RISCV/env_Eclipse/init.c **** 	disable_mcycle_minstret();
  35              		.loc 1 29 2
  30:../../firmware/RISCV/env_Eclipse/init.c **** }
  36              		.loc 1 30 1 is_stmt 0
  37 0020 B240     		lw	ra,12(sp)
  38              		.cfi_restore 1
  39 0022 4101     		addi	sp,sp,16
  40              	.LCFI1:
  41              		.cfi_def_cfa_offset 0
  29:../../firmware/RISCV/env_Eclipse/init.c **** }
  42              		.loc 1 29 2
  43 0024 17030000 		tail	disable_mcycle_minstret
  43      67000300 
  44              	.LVL3:
  45              		.cfi_endproc
  46              	.LFE5:
  48              		.section	.text._fini,"ax",@progbits
  49              		.align	1
  50              		.globl	_fini
  52              	_fini:
  53              	.LFB6:
  31:../../firmware/RISCV/env_Eclipse/init.c **** 
  32:../../firmware/RISCV/env_Eclipse/init.c **** void _fini()
  33:../../firmware/RISCV/env_Eclipse/init.c **** {
  54              		.loc 1 33 1 is_stmt 1
  55              		.cfi_startproc
  34:../../firmware/RISCV/env_Eclipse/init.c **** }
  56              		.loc 1 34 1
  57 0000 8280     		ret
  58              		.cfi_endproc
  59              	.LFE6:
  61              		.text
  62              	.Letext0:
  63              		.file 2 "/Users/gulda/Desktop/toolchain-gd32v-osx/compiler/riscv64-unknown-elf/include/machine/_de
  64              		.file 3 "/Users/gulda/Desktop/toolchain-gd32v-osx/compiler/riscv64-unknown-elf/include/sys/_stdint
  65              		.file 4 "/Users/gulda/Desktop/toolchain-gd32v-osx/compiler/lib/gcc/riscv64-unknown-elf/8.3.0/inclu
  66              		.file 5 "/Users/gulda/Desktop/toolchain-gd32v-osx/compiler/riscv64-unknown-elf/include/sys/_types.
  67              		.file 6 "/Users/gulda/Desktop/toolchain-gd32v-osx/compiler/riscv64-unknown-elf/include/sys/reent.h
  68              		.file 7 "/Users/gulda/Desktop/toolchain-gd32v-osx/compiler/riscv64-unknown-elf/include/sys/lock.h"
  69              		.file 8 "../../firmware/GD32VF103_standard_peripheral/system_gd32vf103.h"
  70              		.file 9 "/Users/gulda/Desktop/toolchain-gd32v-osx/compiler/riscv64-unknown-elf/include/sys/unistd.
  71              		.file 10 "../../firmware/RISCV/drivers/n200_func.h"
  72              		.file 11 "../../firmware/GD32VF103_standard_peripheral/gd32vf103.h"
GAS LISTING /var/folders/v8/5w7qrjpd37x60gtz_mwnrxpr0000gn/T//ccd59Jud.s 			page 3


DEFINED SYMBOLS
                            *ABS*:0000000000000000 init.c
/var/folders/v8/5w7qrjpd37x60gtz_mwnrxpr0000gn/T//ccd59Jud.s:13     .text._init:0000000000000000 _init
/var/folders/v8/5w7qrjpd37x60gtz_mwnrxpr0000gn/T//ccd59Jud.s:17     .text._init:0000000000000000 .L0 
/var/folders/v8/5w7qrjpd37x60gtz_mwnrxpr0000gn/T//ccd59Jud.s:18     .text._init:0000000000000000 .L0 
/var/folders/v8/5w7qrjpd37x60gtz_mwnrxpr0000gn/T//ccd59Jud.s:19     .text._init:0000000000000000 .L0 
/var/folders/v8/5w7qrjpd37x60gtz_mwnrxpr0000gn/T//ccd59Jud.s:20     .text._init:0000000000000000 .L0 
/var/folders/v8/5w7qrjpd37x60gtz_mwnrxpr0000gn/T//ccd59Jud.s:22     .text._init:0000000000000002 .L0 
/var/folders/v8/5w7qrjpd37x60gtz_mwnrxpr0000gn/T//ccd59Jud.s:24     .text._init:0000000000000004 .L0 
/var/folders/v8/5w7qrjpd37x60gtz_mwnrxpr0000gn/T//ccd59Jud.s:26     .text._init:0000000000000004 .L0 
/var/folders/v8/5w7qrjpd37x60gtz_mwnrxpr0000gn/T//ccd59Jud.s:29     .text._init:000000000000000c .L0 
/var/folders/v8/5w7qrjpd37x60gtz_mwnrxpr0000gn/T//ccd59Jud.s:33     .text._init:0000000000000018 .L0 
/var/folders/v8/5w7qrjpd37x60gtz_mwnrxpr0000gn/T//ccd59Jud.s:36     .text._init:0000000000000020 .L0 
/var/folders/v8/5w7qrjpd37x60gtz_mwnrxpr0000gn/T//ccd59Jud.s:37     .text._init:0000000000000020 .L0 
/var/folders/v8/5w7qrjpd37x60gtz_mwnrxpr0000gn/T//ccd59Jud.s:38     .text._init:0000000000000022 .L0 
/var/folders/v8/5w7qrjpd37x60gtz_mwnrxpr0000gn/T//ccd59Jud.s:41     .text._init:0000000000000024 .L0 
/var/folders/v8/5w7qrjpd37x60gtz_mwnrxpr0000gn/T//ccd59Jud.s:43     .text._init:0000000000000024 .L0 
/var/folders/v8/5w7qrjpd37x60gtz_mwnrxpr0000gn/T//ccd59Jud.s:45     .text._init:000000000000002c .L0 
/var/folders/v8/5w7qrjpd37x60gtz_mwnrxpr0000gn/T//ccd59Jud.s:52     .text._fini:0000000000000000 _fini
/var/folders/v8/5w7qrjpd37x60gtz_mwnrxpr0000gn/T//ccd59Jud.s:55     .text._fini:0000000000000000 .L0 
/var/folders/v8/5w7qrjpd37x60gtz_mwnrxpr0000gn/T//ccd59Jud.s:56     .text._fini:0000000000000000 .L0 
/var/folders/v8/5w7qrjpd37x60gtz_mwnrxpr0000gn/T//ccd59Jud.s:57     .text._fini:0000000000000000 .L0 
/var/folders/v8/5w7qrjpd37x60gtz_mwnrxpr0000gn/T//ccd59Jud.s:58     .text._fini:0000000000000002 .L0 
/var/folders/v8/5w7qrjpd37x60gtz_mwnrxpr0000gn/T//ccd59Jud.s:48     .text._init:000000000000002c .L0 
/var/folders/v8/5w7qrjpd37x60gtz_mwnrxpr0000gn/T//ccd59Jud.s:61     .text._fini:0000000000000002 .L0 
                     .debug_frame:0000000000000000 .L0 
/var/folders/v8/5w7qrjpd37x60gtz_mwnrxpr0000gn/T//ccd59Jud.s:1818   .debug_abbrev:0000000000000000 .Ldebug_abbrev0
/var/folders/v8/5w7qrjpd37x60gtz_mwnrxpr0000gn/T//ccd59Jud.s:2628   .debug_str:0000000000000524 .LASF199
/var/folders/v8/5w7qrjpd37x60gtz_mwnrxpr0000gn/T//ccd59Jud.s:2698   .debug_str:0000000000000714 .LASF200
/var/folders/v8/5w7qrjpd37x60gtz_mwnrxpr0000gn/T//ccd59Jud.s:2566   .debug_str:00000000000003bd .LASF201
/var/folders/v8/5w7qrjpd37x60gtz_mwnrxpr0000gn/T//ccd59Jud.s:2396   .debug_ranges:0000000000000000 .Ldebug_ranges0
/var/folders/v8/5w7qrjpd37x60gtz_mwnrxpr0000gn/T//ccd59Jud.s:2404   .debug_line:0000000000000000 .Ldebug_line0
/var/folders/v8/5w7qrjpd37x60gtz_mwnrxpr0000gn/T//ccd59Jud.s:2606   .debug_str:00000000000004b0 .LASF202
/var/folders/v8/5w7qrjpd37x60gtz_mwnrxpr0000gn/T//ccd59Jud.s:2522   .debug_str:00000000000002ca .LASF0
/var/folders/v8/5w7qrjpd37x60gtz_mwnrxpr0000gn/T//ccd59Jud.s:2812   .debug_str:000000000000097f .LASF1
/var/folders/v8/5w7qrjpd37x60gtz_mwnrxpr0000gn/T//ccd59Jud.s:2754   .debug_str:000000000000083c .LASF2
/var/folders/v8/5w7qrjpd37x60gtz_mwnrxpr0000gn/T//ccd59Jud.s:2516   .debug_str:000000000000029b .LASF3
/var/folders/v8/5w7qrjpd37x60gtz_mwnrxpr0000gn/T//ccd59Jud.s:2598   .debug_str:0000000000000487 .LASF4
/var/folders/v8/5w7qrjpd37x60gtz_mwnrxpr0000gn/T//ccd59Jud.s:2576   .debug_str:000000000000042f .LASF5
/var/folders/v8/5w7qrjpd37x60gtz_mwnrxpr0000gn/T//ccd59Jud.s:2792   .debug_str:000000000000090d .LASF6
/var/folders/v8/5w7qrjpd37x60gtz_mwnrxpr0000gn/T//ccd59Jud.s:2744   .debug_str:0000000000000801 .LASF7
/var/folders/v8/5w7qrjpd37x60gtz_mwnrxpr0000gn/T//ccd59Jud.s:2578   .debug_str:000000000000043a .LASF8
/var/folders/v8/5w7qrjpd37x60gtz_mwnrxpr0000gn/T//ccd59Jud.s:2784   .debug_str:00000000000008e2 .LASF9
/var/folders/v8/5w7qrjpd37x60gtz_mwnrxpr0000gn/T//ccd59Jud.s:2662   .debug_str:0000000000000659 .LASF10
/var/folders/v8/5w7qrjpd37x60gtz_mwnrxpr0000gn/T//ccd59Jud.s:2766   .debug_str:0000000000000887 .LASF11
/var/folders/v8/5w7qrjpd37x60gtz_mwnrxpr0000gn/T//ccd59Jud.s:2816   .debug_str:0000000000000996 .LASF12
/var/folders/v8/5w7qrjpd37x60gtz_mwnrxpr0000gn/T//ccd59Jud.s:2442   .debug_str:00000000000000ed .LASF13
/var/folders/v8/5w7qrjpd37x60gtz_mwnrxpr0000gn/T//ccd59Jud.s:2622   .debug_str:00000000000004fa .LASF14
/var/folders/v8/5w7qrjpd37x60gtz_mwnrxpr0000gn/T//ccd59Jud.s:2664   .debug_str:0000000000000666 .LASF15
/var/folders/v8/5w7qrjpd37x60gtz_mwnrxpr0000gn/T//ccd59Jud.s:2676   .debug_str:000000000000069c .LASF16
/var/folders/v8/5w7qrjpd37x60gtz_mwnrxpr0000gn/T//ccd59Jud.s:2438   .debug_str:00000000000000cf .LASF17
/var/folders/v8/5w7qrjpd37x60gtz_mwnrxpr0000gn/T//ccd59Jud.s:2502   .debug_str:0000000000000246 .LASF18
/var/folders/v8/5w7qrjpd37x60gtz_mwnrxpr0000gn/T//ccd59Jud.s:2552   .debug_str:0000000000000369 .LASF19
/var/folders/v8/5w7qrjpd37x60gtz_mwnrxpr0000gn/T//ccd59Jud.s:2638   .debug_str:00000000000005c9 .LASF20
/var/folders/v8/5w7qrjpd37x60gtz_mwnrxpr0000gn/T//ccd59Jud.s:2776   .debug_str:00000000000008b2 .LASF21
/var/folders/v8/5w7qrjpd37x60gtz_mwnrxpr0000gn/T//ccd59Jud.s:2410   .debug_str:0000000000000016 .LASF22
/var/folders/v8/5w7qrjpd37x60gtz_mwnrxpr0000gn/T//ccd59Jud.s:2446   .debug_str:0000000000000107 .LASF23
GAS LISTING /var/folders/v8/5w7qrjpd37x60gtz_mwnrxpr0000gn/T//ccd59Jud.s 			page 4


/var/folders/v8/5w7qrjpd37x60gtz_mwnrxpr0000gn/T//ccd59Jud.s:2512   .debug_str:0000000000000283 .LASF24
/var/folders/v8/5w7qrjpd37x60gtz_mwnrxpr0000gn/T//ccd59Jud.s:2412   .debug_str:0000000000000029 .LASF25
/var/folders/v8/5w7qrjpd37x60gtz_mwnrxpr0000gn/T//ccd59Jud.s:2456   .debug_str:0000000000000156 .LASF26
/var/folders/v8/5w7qrjpd37x60gtz_mwnrxpr0000gn/T//ccd59Jud.s:2506   .debug_str:0000000000000267 .LASF27
/var/folders/v8/5w7qrjpd37x60gtz_mwnrxpr0000gn/T//ccd59Jud.s:2496   .debug_str:000000000000021c .LASF28
/var/folders/v8/5w7qrjpd37x60gtz_mwnrxpr0000gn/T//ccd59Jud.s:2544   .debug_str:000000000000033a .LASF29
/var/folders/v8/5w7qrjpd37x60gtz_mwnrxpr0000gn/T//ccd59Jud.s:2470   .debug_str:0000000000000197 .LASF30
/var/folders/v8/5w7qrjpd37x60gtz_mwnrxpr0000gn/T//ccd59Jud.s:2786   .debug_str:00000000000008eb .LASF31
/var/folders/v8/5w7qrjpd37x60gtz_mwnrxpr0000gn/T//ccd59Jud.s:2448   .debug_str:0000000000000113 .LASF32
/var/folders/v8/5w7qrjpd37x60gtz_mwnrxpr0000gn/T//ccd59Jud.s:2618   .debug_str:00000000000004e7 .LASF33
/var/folders/v8/5w7qrjpd37x60gtz_mwnrxpr0000gn/T//ccd59Jud.s:2658   .debug_str:0000000000000647 .LASF34
/var/folders/v8/5w7qrjpd37x60gtz_mwnrxpr0000gn/T//ccd59Jud.s:2726   .debug_str:00000000000007a6 .LASF35
/var/folders/v8/5w7qrjpd37x60gtz_mwnrxpr0000gn/T//ccd59Jud.s:2656   .debug_str:000000000000063a .LASF36
/var/folders/v8/5w7qrjpd37x60gtz_mwnrxpr0000gn/T//ccd59Jud.s:2740   .debug_str:00000000000007ee .LASF37
/var/folders/v8/5w7qrjpd37x60gtz_mwnrxpr0000gn/T//ccd59Jud.s:2422   .debug_str:0000000000000060 .LASF38
/var/folders/v8/5w7qrjpd37x60gtz_mwnrxpr0000gn/T//ccd59Jud.s:2804   .debug_str:000000000000094f .LASF39
/var/folders/v8/5w7qrjpd37x60gtz_mwnrxpr0000gn/T//ccd59Jud.s:2536   .debug_str:000000000000030d .LASF40
/var/folders/v8/5w7qrjpd37x60gtz_mwnrxpr0000gn/T//ccd59Jud.s:2584   .debug_str:0000000000000451 .LASF41
/var/folders/v8/5w7qrjpd37x60gtz_mwnrxpr0000gn/T//ccd59Jud.s:2480   .debug_str:00000000000001cb .LASF42
/var/folders/v8/5w7qrjpd37x60gtz_mwnrxpr0000gn/T//ccd59Jud.s:2650   .debug_str:000000000000061d .LASF43
/var/folders/v8/5w7qrjpd37x60gtz_mwnrxpr0000gn/T//ccd59Jud.s:2710   .debug_str:0000000000000761 .LASF44
/var/folders/v8/5w7qrjpd37x60gtz_mwnrxpr0000gn/T//ccd59Jud.s:2768   .debug_str:0000000000000892 .LASF45
/var/folders/v8/5w7qrjpd37x60gtz_mwnrxpr0000gn/T//ccd59Jud.s:2734   .debug_str:00000000000007ce .LASF46
/var/folders/v8/5w7qrjpd37x60gtz_mwnrxpr0000gn/T//ccd59Jud.s:2810   .debug_str:000000000000096f .LASF47
/var/folders/v8/5w7qrjpd37x60gtz_mwnrxpr0000gn/T//ccd59Jud.s:2526   .debug_str:00000000000002e1 .LASF48
/var/folders/v8/5w7qrjpd37x60gtz_mwnrxpr0000gn/T//ccd59Jud.s:2484   .debug_str:00000000000001e9 .LASF49
/var/folders/v8/5w7qrjpd37x60gtz_mwnrxpr0000gn/T//ccd59Jud.s:2624   .debug_str:0000000000000505 .LASF50
/var/folders/v8/5w7qrjpd37x60gtz_mwnrxpr0000gn/T//ccd59Jud.s:2642   .debug_str:00000000000005e3 .LASF51
/var/folders/v8/5w7qrjpd37x60gtz_mwnrxpr0000gn/T//ccd59Jud.s:2514   .debug_str:0000000000000290 .LASF52
/var/folders/v8/5w7qrjpd37x60gtz_mwnrxpr0000gn/T//ccd59Jud.s:2542   .debug_str:000000000000032e .LASF53
/var/folders/v8/5w7qrjpd37x60gtz_mwnrxpr0000gn/T//ccd59Jud.s:2590   .debug_str:0000000000000468 .LASF54
/var/folders/v8/5w7qrjpd37x60gtz_mwnrxpr0000gn/T//ccd59Jud.s:2798   .debug_str:0000000000000930 .LASF55
/var/folders/v8/5w7qrjpd37x60gtz_mwnrxpr0000gn/T//ccd59Jud.s:2644   .debug_str:00000000000005ee .LASF56
/var/folders/v8/5w7qrjpd37x60gtz_mwnrxpr0000gn/T//ccd59Jud.s:2610   .debug_str:00000000000004be .LASF57
/var/folders/v8/5w7qrjpd37x60gtz_mwnrxpr0000gn/T//ccd59Jud.s:2500   .debug_str:0000000000000233 .LASF58
/var/folders/v8/5w7qrjpd37x60gtz_mwnrxpr0000gn/T//ccd59Jud.s:2520   .debug_str:00000000000002b7 .LASF59
/var/folders/v8/5w7qrjpd37x60gtz_mwnrxpr0000gn/T//ccd59Jud.s:2568   .debug_str:00000000000003fe .LASF60
/var/folders/v8/5w7qrjpd37x60gtz_mwnrxpr0000gn/T//ccd59Jud.s:2414   .debug_str:0000000000000037 .LASF61
/var/folders/v8/5w7qrjpd37x60gtz_mwnrxpr0000gn/T//ccd59Jud.s:2430   .debug_str:0000000000000096 .LASF62
/var/folders/v8/5w7qrjpd37x60gtz_mwnrxpr0000gn/T//ccd59Jud.s:2558   .debug_str:0000000000000396 .LASF63
/var/folders/v8/5w7qrjpd37x60gtz_mwnrxpr0000gn/T//ccd59Jud.s:2574   .debug_str:0000000000000424 .LASF64
/var/folders/v8/5w7qrjpd37x60gtz_mwnrxpr0000gn/T//ccd59Jud.s:2626   .debug_str:000000000000050f .LASF65
/var/folders/v8/5w7qrjpd37x60gtz_mwnrxpr0000gn/T//ccd59Jud.s:2730   .debug_str:00000000000007b8 .LASF66
/var/folders/v8/5w7qrjpd37x60gtz_mwnrxpr0000gn/T//ccd59Jud.s:2462   .debug_str:0000000000000172 .LASF67
/var/folders/v8/5w7qrjpd37x60gtz_mwnrxpr0000gn/T//ccd59Jud.s:2748   .debug_str:0000000000000820 .LASF68
/var/folders/v8/5w7qrjpd37x60gtz_mwnrxpr0000gn/T//ccd59Jud.s:2408   .debug_str:000000000000000c .LASF69
/var/folders/v8/5w7qrjpd37x60gtz_mwnrxpr0000gn/T//ccd59Jud.s:2746   .debug_str:000000000000080d .LASF70
/var/folders/v8/5w7qrjpd37x60gtz_mwnrxpr0000gn/T//ccd59Jud.s:2488   .debug_str:00000000000001fd .LASF71
/var/folders/v8/5w7qrjpd37x60gtz_mwnrxpr0000gn/T//ccd59Jud.s:2736   .debug_str:00000000000007dd .LASF75
/var/folders/v8/5w7qrjpd37x60gtz_mwnrxpr0000gn/T//ccd59Jud.s:2556   .debug_str:0000000000000384 .LASF72
/var/folders/v8/5w7qrjpd37x60gtz_mwnrxpr0000gn/T//ccd59Jud.s:2504   .debug_str:0000000000000259 .LASF73
/var/folders/v8/5w7qrjpd37x60gtz_mwnrxpr0000gn/T//ccd59Jud.s:2432   .debug_str:00000000000000a4 .LASF74
/var/folders/v8/5w7qrjpd37x60gtz_mwnrxpr0000gn/T//ccd59Jud.s:2762   .debug_str:0000000000000871 .LASF76
/var/folders/v8/5w7qrjpd37x60gtz_mwnrxpr0000gn/T//ccd59Jud.s:2548   .debug_str:0000000000000351 .LASF186
/var/folders/v8/5w7qrjpd37x60gtz_mwnrxpr0000gn/T//ccd59Jud.s:2716   .debug_str:000000000000077f .LASF77
/var/folders/v8/5w7qrjpd37x60gtz_mwnrxpr0000gn/T//ccd59Jud.s:2640   .debug_str:00000000000005dc .LASF78
/var/folders/v8/5w7qrjpd37x60gtz_mwnrxpr0000gn/T//ccd59Jud.s:2458   .debug_str:0000000000000164 .LASF79
GAS LISTING /var/folders/v8/5w7qrjpd37x60gtz_mwnrxpr0000gn/T//ccd59Jud.s 			page 5


/var/folders/v8/5w7qrjpd37x60gtz_mwnrxpr0000gn/T//ccd59Jud.s:2714   .debug_str:0000000000000777 .LASF80
/var/folders/v8/5w7qrjpd37x60gtz_mwnrxpr0000gn/T//ccd59Jud.s:2778   .debug_str:00000000000008c5 .LASF81
/var/folders/v8/5w7qrjpd37x60gtz_mwnrxpr0000gn/T//ccd59Jud.s:2582   .debug_str:000000000000044b .LASF82
/var/folders/v8/5w7qrjpd37x60gtz_mwnrxpr0000gn/T//ccd59Jud.s:2546   .debug_str:000000000000034a .LASF83
/var/folders/v8/5w7qrjpd37x60gtz_mwnrxpr0000gn/T//ccd59Jud.s:2706   .debug_str:0000000000000751 .LASF84
/var/folders/v8/5w7qrjpd37x60gtz_mwnrxpr0000gn/T//ccd59Jud.s:2708   .debug_str:0000000000000759 .LASF85
/var/folders/v8/5w7qrjpd37x60gtz_mwnrxpr0000gn/T//ccd59Jud.s:2680   .debug_str:00000000000006b6 .LASF86
/var/folders/v8/5w7qrjpd37x60gtz_mwnrxpr0000gn/T//ccd59Jud.s:2756   .debug_str:0000000000000849 .LASF87
/var/folders/v8/5w7qrjpd37x60gtz_mwnrxpr0000gn/T//ccd59Jud.s:2648   .debug_str:000000000000060b .LASF88
/var/folders/v8/5w7qrjpd37x60gtz_mwnrxpr0000gn/T//ccd59Jud.s:2668   .debug_str:000000000000067a .LASF89
/var/folders/v8/5w7qrjpd37x60gtz_mwnrxpr0000gn/T//ccd59Jud.s:2534   .debug_str:0000000000000305 .LASF94
/var/folders/v8/5w7qrjpd37x60gtz_mwnrxpr0000gn/T//ccd59Jud.s:2738   .debug_str:00000000000007e8 .LASF90
/var/folders/v8/5w7qrjpd37x60gtz_mwnrxpr0000gn/T//ccd59Jud.s:2700   .debug_str:000000000000073c .LASF91
/var/folders/v8/5w7qrjpd37x60gtz_mwnrxpr0000gn/T//ccd59Jud.s:2528   .debug_str:00000000000002eb .LASF92
/var/folders/v8/5w7qrjpd37x60gtz_mwnrxpr0000gn/T//ccd59Jud.s:2772   .debug_str:00000000000008a7 .LASF93
/var/folders/v8/5w7qrjpd37x60gtz_mwnrxpr0000gn/T//ccd59Jud.s:2510   .debug_str:000000000000027e .LASF95
/var/folders/v8/5w7qrjpd37x60gtz_mwnrxpr0000gn/T//ccd59Jud.s:2454   .debug_str:000000000000014d .LASF96
/var/folders/v8/5w7qrjpd37x60gtz_mwnrxpr0000gn/T//ccd59Jud.s:2750   .debug_str:000000000000082e .LASF97
/var/folders/v8/5w7qrjpd37x60gtz_mwnrxpr0000gn/T//ccd59Jud.s:2472   .debug_str:00000000000001a6 .LASF98
/var/folders/v8/5w7qrjpd37x60gtz_mwnrxpr0000gn/T//ccd59Jud.s:2814   .debug_str:000000000000098c .LASF99
/var/folders/v8/5w7qrjpd37x60gtz_mwnrxpr0000gn/T//ccd59Jud.s:2630   .debug_str:000000000000059e .LASF100
/var/folders/v8/5w7qrjpd37x60gtz_mwnrxpr0000gn/T//ccd59Jud.s:2604   .debug_str:00000000000004a6 .LASF101
/var/folders/v8/5w7qrjpd37x60gtz_mwnrxpr0000gn/T//ccd59Jud.s:2712   .debug_str:000000000000076d .LASF102
/var/folders/v8/5w7qrjpd37x60gtz_mwnrxpr0000gn/T//ccd59Jud.s:2670   .debug_str:0000000000000683 .LASF103
/var/folders/v8/5w7qrjpd37x60gtz_mwnrxpr0000gn/T//ccd59Jud.s:2794   .debug_str:0000000000000916 .LASF104
/var/folders/v8/5w7qrjpd37x60gtz_mwnrxpr0000gn/T//ccd59Jud.s:2476   .debug_str:00000000000001b5 .LASF105
/var/folders/v8/5w7qrjpd37x60gtz_mwnrxpr0000gn/T//ccd59Jud.s:2416   .debug_str:0000000000000045 .LASF106
/var/folders/v8/5w7qrjpd37x60gtz_mwnrxpr0000gn/T//ccd59Jud.s:2406   .debug_str:0000000000000000 .LASF107
/var/folders/v8/5w7qrjpd37x60gtz_mwnrxpr0000gn/T//ccd59Jud.s:2732   .debug_str:00000000000007c5 .LASF108
/var/folders/v8/5w7qrjpd37x60gtz_mwnrxpr0000gn/T//ccd59Jud.s:2492   .debug_str:000000000000020d .LASF109
/var/folders/v8/5w7qrjpd37x60gtz_mwnrxpr0000gn/T//ccd59Jud.s:2632   .debug_str:00000000000005a7 .LASF110
/var/folders/v8/5w7qrjpd37x60gtz_mwnrxpr0000gn/T//ccd59Jud.s:2690   .debug_str:00000000000006e4 .LASF111
/var/folders/v8/5w7qrjpd37x60gtz_mwnrxpr0000gn/T//ccd59Jud.s:2524   .debug_str:00000000000002dc .LASF112
/var/folders/v8/5w7qrjpd37x60gtz_mwnrxpr0000gn/T//ccd59Jud.s:2672   .debug_str:000000000000068d .LASF113
/var/folders/v8/5w7qrjpd37x60gtz_mwnrxpr0000gn/T//ccd59Jud.s:2468   .debug_str:0000000000000191 .LASF114
/var/folders/v8/5w7qrjpd37x60gtz_mwnrxpr0000gn/T//ccd59Jud.s:2728   .debug_str:00000000000007b2 .LASF115
/var/folders/v8/5w7qrjpd37x60gtz_mwnrxpr0000gn/T//ccd59Jud.s:2682   .debug_str:00000000000006c1 .LASF116
/var/folders/v8/5w7qrjpd37x60gtz_mwnrxpr0000gn/T//ccd59Jud.s:2490   .debug_str:0000000000000206 .LASF117
/var/folders/v8/5w7qrjpd37x60gtz_mwnrxpr0000gn/T//ccd59Jud.s:2770   .debug_str:00000000000008a1 .LASF118
/var/folders/v8/5w7qrjpd37x60gtz_mwnrxpr0000gn/T//ccd59Jud.s:2434   .debug_str:00000000000000bb .LASF119
/var/folders/v8/5w7qrjpd37x60gtz_mwnrxpr0000gn/T//ccd59Jud.s:2478   .debug_str:00000000000001c3 .LASF120
/var/folders/v8/5w7qrjpd37x60gtz_mwnrxpr0000gn/T//ccd59Jud.s:2540   .debug_str:0000000000000328 .LASF121
/var/folders/v8/5w7qrjpd37x60gtz_mwnrxpr0000gn/T//ccd59Jud.s:2602   .debug_str:000000000000049f .LASF122
/var/folders/v8/5w7qrjpd37x60gtz_mwnrxpr0000gn/T//ccd59Jud.s:2742   .debug_str:00000000000007fb .LASF123
/var/folders/v8/5w7qrjpd37x60gtz_mwnrxpr0000gn/T//ccd59Jud.s:2460   .debug_str:000000000000016b .LASF124
/var/folders/v8/5w7qrjpd37x60gtz_mwnrxpr0000gn/T//ccd59Jud.s:2466   .debug_str:000000000000018b .LASF125
/var/folders/v8/5w7qrjpd37x60gtz_mwnrxpr0000gn/T//ccd59Jud.s:2788   .debug_str:00000000000008ff .LASF126
/var/folders/v8/5w7qrjpd37x60gtz_mwnrxpr0000gn/T//ccd59Jud.s:2724   .debug_str:000000000000079d .LASF127
/var/folders/v8/5w7qrjpd37x60gtz_mwnrxpr0000gn/T//ccd59Jud.s:2614   .debug_str:00000000000004d8 .LASF128
/var/folders/v8/5w7qrjpd37x60gtz_mwnrxpr0000gn/T//ccd59Jud.s:2560   .debug_str:00000000000003a5 .LASF129
/var/folders/v8/5w7qrjpd37x60gtz_mwnrxpr0000gn/T//ccd59Jud.s:2592   .debug_str:0000000000000474 .LASF130
/var/folders/v8/5w7qrjpd37x60gtz_mwnrxpr0000gn/T//ccd59Jud.s:2684   .debug_str:00000000000006c9 .LASF131
/var/folders/v8/5w7qrjpd37x60gtz_mwnrxpr0000gn/T//ccd59Jud.s:2674   .debug_str:0000000000000694 .LASF132
/var/folders/v8/5w7qrjpd37x60gtz_mwnrxpr0000gn/T//ccd59Jud.s:2702   .debug_str:0000000000000744 .LASF133
/var/folders/v8/5w7qrjpd37x60gtz_mwnrxpr0000gn/T//ccd59Jud.s:2720   .debug_str:0000000000000791 .LASF134
/var/folders/v8/5w7qrjpd37x60gtz_mwnrxpr0000gn/T//ccd59Jud.s:2494   .debug_str:0000000000000215 .LASF135
/var/folders/v8/5w7qrjpd37x60gtz_mwnrxpr0000gn/T//ccd59Jud.s:2550   .debug_str:0000000000000361 .LASF136
GAS LISTING /var/folders/v8/5w7qrjpd37x60gtz_mwnrxpr0000gn/T//ccd59Jud.s 			page 6


/var/folders/v8/5w7qrjpd37x60gtz_mwnrxpr0000gn/T//ccd59Jud.s:2532   .debug_str:00000000000002fd .LASF137
/var/folders/v8/5w7qrjpd37x60gtz_mwnrxpr0000gn/T//ccd59Jud.s:2688   .debug_str:00000000000006df .LASF138
/var/folders/v8/5w7qrjpd37x60gtz_mwnrxpr0000gn/T//ccd59Jud.s:2420   .debug_str:0000000000000055 .LASF139
/var/folders/v8/5w7qrjpd37x60gtz_mwnrxpr0000gn/T//ccd59Jud.s:2696   .debug_str:00000000000006fb .LASF140
/var/folders/v8/5w7qrjpd37x60gtz_mwnrxpr0000gn/T//ccd59Jud.s:2692   .debug_str:00000000000006e9 .LASF141
/var/folders/v8/5w7qrjpd37x60gtz_mwnrxpr0000gn/T//ccd59Jud.s:2634   .debug_str:00000000000005af .LASF142
/var/folders/v8/5w7qrjpd37x60gtz_mwnrxpr0000gn/T//ccd59Jud.s:2694   .debug_str:00000000000006f1 .LASF143
/var/folders/v8/5w7qrjpd37x60gtz_mwnrxpr0000gn/T//ccd59Jud.s:2580   .debug_str:0000000000000443 .LASF144
/var/folders/v8/5w7qrjpd37x60gtz_mwnrxpr0000gn/T//ccd59Jud.s:2498   .debug_str:0000000000000229 .LASF145
/var/folders/v8/5w7qrjpd37x60gtz_mwnrxpr0000gn/T//ccd59Jud.s:2808   .debug_str:000000000000096a .LASF146
/var/folders/v8/5w7qrjpd37x60gtz_mwnrxpr0000gn/T//ccd59Jud.s:2646   .debug_str:0000000000000601 .LASF147
/var/folders/v8/5w7qrjpd37x60gtz_mwnrxpr0000gn/T//ccd59Jud.s:2554   .debug_str:000000000000037c .LASF148
/var/folders/v8/5w7qrjpd37x60gtz_mwnrxpr0000gn/T//ccd59Jud.s:2508   .debug_str:0000000000000276 .LASF149
/var/folders/v8/5w7qrjpd37x60gtz_mwnrxpr0000gn/T//ccd59Jud.s:2588   .debug_str:0000000000000463 .LASF150
/var/folders/v8/5w7qrjpd37x60gtz_mwnrxpr0000gn/T//ccd59Jud.s:2424   .debug_str:000000000000006d .LASF151
/var/folders/v8/5w7qrjpd37x60gtz_mwnrxpr0000gn/T//ccd59Jud.s:2782   .debug_str:00000000000008d8 .LASF152
/var/folders/v8/5w7qrjpd37x60gtz_mwnrxpr0000gn/T//ccd59Jud.s:2486   .debug_str:00000000000001f5 .LASF153
/var/folders/v8/5w7qrjpd37x60gtz_mwnrxpr0000gn/T//ccd59Jud.s:2474   .debug_str:00000000000001b0 .LASF154
/var/folders/v8/5w7qrjpd37x60gtz_mwnrxpr0000gn/T//ccd59Jud.s:2722   .debug_str:0000000000000798 .LASF155
/var/folders/v8/5w7qrjpd37x60gtz_mwnrxpr0000gn/T//ccd59Jud.s:2678   .debug_str:00000000000006af .LASF156
/var/folders/v8/5w7qrjpd37x60gtz_mwnrxpr0000gn/T//ccd59Jud.s:2774   .debug_str:00000000000008ac .LASF157
/var/folders/v8/5w7qrjpd37x60gtz_mwnrxpr0000gn/T//ccd59Jud.s:2562   .debug_str:00000000000003ab .LASF158
/var/folders/v8/5w7qrjpd37x60gtz_mwnrxpr0000gn/T//ccd59Jud.s:2660   .debug_str:0000000000000653 .LASF159
/var/folders/v8/5w7qrjpd37x60gtz_mwnrxpr0000gn/T//ccd59Jud.s:2418   .debug_str:000000000000004d .LASF160
/var/folders/v8/5w7qrjpd37x60gtz_mwnrxpr0000gn/T//ccd59Jud.s:2704   .debug_str:000000000000074b .LASF161
/var/folders/v8/5w7qrjpd37x60gtz_mwnrxpr0000gn/T//ccd59Jud.s:2594   .debug_str:000000000000047a .LASF162
/var/folders/v8/5w7qrjpd37x60gtz_mwnrxpr0000gn/T//ccd59Jud.s:2752   .debug_str:0000000000000837 .LASF163
/var/folders/v8/5w7qrjpd37x60gtz_mwnrxpr0000gn/T//ccd59Jud.s:2764   .debug_str:000000000000087a .LASF164
/var/folders/v8/5w7qrjpd37x60gtz_mwnrxpr0000gn/T//ccd59Jud.s:2464   .debug_str:000000000000017e .LASF165
/var/folders/v8/5w7qrjpd37x60gtz_mwnrxpr0000gn/T//ccd59Jud.s:2572   .debug_str:0000000000000417 .LASF166
/var/folders/v8/5w7qrjpd37x60gtz_mwnrxpr0000gn/T//ccd59Jud.s:2796   .debug_str:0000000000000921 .LASF167
/var/folders/v8/5w7qrjpd37x60gtz_mwnrxpr0000gn/T//ccd59Jud.s:2636   .debug_str:00000000000005ba .LASF168
/var/folders/v8/5w7qrjpd37x60gtz_mwnrxpr0000gn/T//ccd59Jud.s:2564   .debug_str:00000000000003b2 .LASF169
/var/folders/v8/5w7qrjpd37x60gtz_mwnrxpr0000gn/T//ccd59Jud.s:2800   .debug_str:0000000000000943 .LASF170
/var/folders/v8/5w7qrjpd37x60gtz_mwnrxpr0000gn/T//ccd59Jud.s:2686   .debug_str:00000000000006d2 .LASF171
/var/folders/v8/5w7qrjpd37x60gtz_mwnrxpr0000gn/T//ccd59Jud.s:2806   .debug_str:000000000000095c .LASF172
/var/folders/v8/5w7qrjpd37x60gtz_mwnrxpr0000gn/T//ccd59Jud.s:2452   .debug_str:000000000000013f .LASF173
/var/folders/v8/5w7qrjpd37x60gtz_mwnrxpr0000gn/T//ccd59Jud.s:2780   .debug_str:00000000000008ce .LASF174
/var/folders/v8/5w7qrjpd37x60gtz_mwnrxpr0000gn/T//ccd59Jud.s:2570   .debug_str:000000000000040b .LASF175
/var/folders/v8/5w7qrjpd37x60gtz_mwnrxpr0000gn/T//ccd59Jud.s:2758   .debug_str:0000000000000851 .LASF176
/var/folders/v8/5w7qrjpd37x60gtz_mwnrxpr0000gn/T//ccd59Jud.s:2518   .debug_str:00000000000002a9 .LASF177
/var/folders/v8/5w7qrjpd37x60gtz_mwnrxpr0000gn/T//ccd59Jud.s:2444   .debug_str:00000000000000f8 .LASF178
/var/folders/v8/5w7qrjpd37x60gtz_mwnrxpr0000gn/T//ccd59Jud.s:2538   .debug_str:0000000000000317 .LASF179
/var/folders/v8/5w7qrjpd37x60gtz_mwnrxpr0000gn/T//ccd59Jud.s:2426   .debug_str:0000000000000076 .LASF180
/var/folders/v8/5w7qrjpd37x60gtz_mwnrxpr0000gn/T//ccd59Jud.s:2428   .debug_str:0000000000000085 .LASF181
/var/folders/v8/5w7qrjpd37x60gtz_mwnrxpr0000gn/T//ccd59Jud.s:2666   .debug_str:0000000000000671 .LASF182
/var/folders/v8/5w7qrjpd37x60gtz_mwnrxpr0000gn/T//ccd59Jud.s:2620   .debug_str:00000000000004f3 .LASF183
/var/folders/v8/5w7qrjpd37x60gtz_mwnrxpr0000gn/T//ccd59Jud.s:2608   .debug_str:00000000000004b5 .LASF184
/var/folders/v8/5w7qrjpd37x60gtz_mwnrxpr0000gn/T//ccd59Jud.s:2790   .debug_str:0000000000000905 .LASF185
/var/folders/v8/5w7qrjpd37x60gtz_mwnrxpr0000gn/T//ccd59Jud.s:2440   .debug_str:00000000000000e2 .LASF203
/var/folders/v8/5w7qrjpd37x60gtz_mwnrxpr0000gn/T//ccd59Jud.s:2530   .debug_str:00000000000002f1 .LASF187
/var/folders/v8/5w7qrjpd37x60gtz_mwnrxpr0000gn/T//ccd59Jud.s:2760   .debug_str:000000000000085e .LASF188
/var/folders/v8/5w7qrjpd37x60gtz_mwnrxpr0000gn/T//ccd59Jud.s:2586   .debug_str:000000000000045b .LASF189
/var/folders/v8/5w7qrjpd37x60gtz_mwnrxpr0000gn/T//ccd59Jud.s:2612   .debug_str:00000000000004d1 .LASF190
/var/folders/v8/5w7qrjpd37x60gtz_mwnrxpr0000gn/T//ccd59Jud.s:2616   .debug_str:00000000000004e0 .LASF191
/var/folders/v8/5w7qrjpd37x60gtz_mwnrxpr0000gn/T//ccd59Jud.s:2596   .debug_str:0000000000000480 .LASF192
/var/folders/v8/5w7qrjpd37x60gtz_mwnrxpr0000gn/T//ccd59Jud.s:2802   .debug_str:0000000000000948 .LASF193
GAS LISTING /var/folders/v8/5w7qrjpd37x60gtz_mwnrxpr0000gn/T//ccd59Jud.s 			page 7


/var/folders/v8/5w7qrjpd37x60gtz_mwnrxpr0000gn/T//ccd59Jud.s:2600   .debug_str:0000000000000496 .LASF194
/var/folders/v8/5w7qrjpd37x60gtz_mwnrxpr0000gn/T//ccd59Jud.s:2652   .debug_str:0000000000000629 .LASF204
/var/folders/v8/5w7qrjpd37x60gtz_mwnrxpr0000gn/T//ccd59Jud.s:53     .text._fini:0000000000000000 .LFB6
/var/folders/v8/5w7qrjpd37x60gtz_mwnrxpr0000gn/T//ccd59Jud.s:59     .text._fini:0000000000000002 .LFE6
/var/folders/v8/5w7qrjpd37x60gtz_mwnrxpr0000gn/T//ccd59Jud.s:2718   .debug_str:000000000000078b .LASF205
/var/folders/v8/5w7qrjpd37x60gtz_mwnrxpr0000gn/T//ccd59Jud.s:14     .text._init:0000000000000000 .LFB5
/var/folders/v8/5w7qrjpd37x60gtz_mwnrxpr0000gn/T//ccd59Jud.s:46     .text._init:000000000000002c .LFE5
/var/folders/v8/5w7qrjpd37x60gtz_mwnrxpr0000gn/T//ccd59Jud.s:2363   .debug_loc:0000000000000000 .LLST0
/var/folders/v8/5w7qrjpd37x60gtz_mwnrxpr0000gn/T//ccd59Jud.s:27     .text._init:000000000000000c .LVL0
/var/folders/v8/5w7qrjpd37x60gtz_mwnrxpr0000gn/T//ccd59Jud.s:31     .text._init:0000000000000018 .LVL1
/var/folders/v8/5w7qrjpd37x60gtz_mwnrxpr0000gn/T//ccd59Jud.s:34     .text._init:0000000000000020 .LVL2
/var/folders/v8/5w7qrjpd37x60gtz_mwnrxpr0000gn/T//ccd59Jud.s:44     .text._init:000000000000002c .LVL3
/var/folders/v8/5w7qrjpd37x60gtz_mwnrxpr0000gn/T//ccd59Jud.s:2654   .debug_str:000000000000062f .LASF195
/var/folders/v8/5w7qrjpd37x60gtz_mwnrxpr0000gn/T//ccd59Jud.s:2436   .debug_str:00000000000000c4 .LASF196
/var/folders/v8/5w7qrjpd37x60gtz_mwnrxpr0000gn/T//ccd59Jud.s:2482   .debug_str:00000000000001d7 .LASF197
/var/folders/v8/5w7qrjpd37x60gtz_mwnrxpr0000gn/T//ccd59Jud.s:2450   .debug_str:0000000000000127 .LASF198
/var/folders/v8/5w7qrjpd37x60gtz_mwnrxpr0000gn/T//ccd59Jud.s:21     .text._init:0000000000000002 .LCFI0
/var/folders/v8/5w7qrjpd37x60gtz_mwnrxpr0000gn/T//ccd59Jud.s:40     .text._init:0000000000000024 .LCFI1
/var/folders/v8/5w7qrjpd37x60gtz_mwnrxpr0000gn/T//ccd59Jud.s:74     .debug_info:0000000000000000 .Ldebug_info0

UNDEFINED SYMBOLS
SystemInit
eclic_init
eclic_mode_enable
disable_mcycle_minstret
